Build output check failed:
    Regex: 'command line option .* is valid for .* but not for C\+\+'
    Output line: 'cc1plus: warning: command line option ‘-Wmissing-prototypes’ is valid for C/ObjC but not for C++'
Compilation failed:
    source file: '/home/cfreeze/opencv/opencv-3.4.9/build/CMakeFiles/CMakeTmp/src.cxx'
    check option: ' -fsigned-char -W -Wall -Werror=return-type -Werror=non-virtual-dtor -Werror=address -Werror=sequence-point -Wformat -Werror=format-security -Wmissing-declarations  -Wmissing-prototypes'
===== BUILD LOG =====
Change Dir: /home/cfreeze/opencv/opencv-3.4.9/build/CMakeFiles/CMakeTmp

Run Build Command:"/usr/bin/make" "cmTC_53205/fast"
/usr/bin/make -f CMakeFiles/cmTC_53205.dir/build.make CMakeFiles/cmTC_53205.dir/build
make[1]: Entering directory '/home/cfreeze/opencv/opencv-3.4.9/build/CMakeFiles/CMakeTmp'
Building CXX object CMakeFiles/cmTC_53205.dir/src.cxx.o
/usr/bin/c++    -O3 -DNDEBUG -fPIE   -fsigned-char -W -Wall -Werror=return-type -Werror=non-virtual-dtor -Werror=address -Werror=sequence-point -Wformat -Werror=format-security -Wmissing-declarations -Wmissing-prototypes -o CMakeFiles/cmTC_53205.dir/src.cxx.o -c /home/cfreeze/opencv/opencv-3.4.9/build/CMakeFiles/CMakeTmp/src.cxx
cc1plus: warning: command line option ‘-Wmissing-prototypes’ is valid for C/ObjC but not for C++
/home/cfreeze/opencv/opencv-3.4.9/build/CMakeFiles/CMakeTmp/src.cxx:1:0: warning: ignoring #pragma   [-Wunknown-pragmas]
 #pragma
 
Linking CXX executable cmTC_53205
/usr/bin/cmake -E cmake_link_script CMakeFiles/cmTC_53205.dir/link.txt --verbose=1
/usr/bin/c++    -O3 -DNDEBUG    -rdynamic CMakeFiles/cmTC_53205.dir/src.cxx.o  -o cmTC_53205 
make[1]: Leaving directory '/home/cfreeze/opencv/opencv-3.4.9/build/CMakeFiles/CMakeTmp'

===== END =====

Build output check failed:
    Regex: 'command line option .* is valid for .* but not for C\+\+'
    Output line: 'cc1plus: warning: command line option ‘-Wstrict-prototypes’ is valid for C/ObjC but not for C++'
Compilation failed:
    source file: '/home/cfreeze/opencv/opencv-3.4.9/build/CMakeFiles/CMakeTmp/src.cxx'
    check option: ' -fsigned-char -W -Wall -Werror=return-type -Werror=non-virtual-dtor -Werror=address -Werror=sequence-point -Wformat -Werror=format-security -Wmissing-declarations  -Wstrict-prototypes'
===== BUILD LOG =====
Change Dir: /home/cfreeze/opencv/opencv-3.4.9/build/CMakeFiles/CMakeTmp

Run Build Command:"/usr/bin/make" "cmTC_59a20/fast"
/usr/bin/make -f CMakeFiles/cmTC_59a20.dir/build.make CMakeFiles/cmTC_59a20.dir/build
make[1]: Entering directory '/home/cfreeze/opencv/opencv-3.4.9/build/CMakeFiles/CMakeTmp'
Building CXX object CMakeFiles/cmTC_59a20.dir/src.cxx.o
/usr/bin/c++    -O3 -DNDEBUG -fPIE   -fsigned-char -W -Wall -Werror=return-type -Werror=non-virtual-dtor -Werror=address -Werror=sequence-point -Wformat -Werror=format-security -Wmissing-declarations -Wstrict-prototypes -o CMakeFiles/cmTC_59a20.dir/src.cxx.o -c /home/cfreeze/opencv/opencv-3.4.9/build/CMakeFiles/CMakeTmp/src.cxx
cc1plus: warning: command line option ‘-Wstrict-prototypes’ is valid for C/ObjC but not for C++
/home/cfreeze/opencv/opencv-3.4.9/build/CMakeFiles/CMakeTmp/src.cxx:1:0: warning: ignoring #pragma   [-Wunknown-pragmas]
 #pragma
 
Linking CXX executable cmTC_59a20
/usr/bin/cmake -E cmake_link_script CMakeFiles/cmTC_59a20.dir/link.txt --verbose=1
/usr/bin/c++    -O3 -DNDEBUG    -rdynamic CMakeFiles/cmTC_59a20.dir/src.cxx.o  -o cmTC_59a20 
make[1]: Leaving directory '/home/cfreeze/opencv/opencv-3.4.9/build/CMakeFiles/CMakeTmp'

===== END =====

Build output check failed:
    Regex: 'command line option .* is valid for .* but not for C'
    Output line: 'cc1: warning: command line option ‘-Wsign-promo’ is valid for C++/ObjC++ but not for C'
Compilation failed:
    source file: '/home/cfreeze/opencv/opencv-3.4.9/build/CMakeFiles/CMakeTmp/src.c'
    check option: ' -fsigned-char -W -Wall -Werror=return-type -Werror=non-virtual-dtor -Werror=address -Werror=sequence-point -Wformat -Werror=format-security -Wmissing-declarations -Wmissing-prototypes -Wstrict-prototypes -Wundef -Winit-self -Wpointer-arith -Wshadow  -Wsign-promo'
===== BUILD LOG =====
Change Dir: /home/cfreeze/opencv/opencv-3.4.9/build/CMakeFiles/CMakeTmp

Run Build Command:"/usr/bin/make" "cmTC_059b5/fast"
/usr/bin/make -f CMakeFiles/cmTC_059b5.dir/build.make CMakeFiles/cmTC_059b5.dir/build
make[1]: Entering directory '/home/cfreeze/opencv/opencv-3.4.9/build/CMakeFiles/CMakeTmp'
Building C object CMakeFiles/cmTC_059b5.dir/src.c.o
/usr/bin/cc   -O3 -DNDEBUG -fPIE   -fsigned-char -W -Wall -Werror=return-type -Werror=non-virtual-dtor -Werror=address -Werror=sequence-point -Wformat -Werror=format-security -Wmissing-declarations -Wmissing-prototypes -Wstrict-prototypes -Wundef -Winit-self -Wpointer-arith -Wshadow -Wsign-promo -o CMakeFiles/cmTC_059b5.dir/src.c.o   -c /home/cfreeze/opencv/opencv-3.4.9/build/CMakeFiles/CMakeTmp/src.c
cc1: warning: ‘-Werror=’ argument ‘-Werror=non-virtual-dtor’ is not valid for C
cc1: warning: command line option ‘-Wsign-promo’ is valid for C++/ObjC++ but not for C
/home/cfreeze/opencv/opencv-3.4.9/build/CMakeFiles/CMakeTmp/src.c:1:0: warning: ignoring #pragma   [-Wunknown-pragmas]
 #pragma
 
Linking C executable cmTC_059b5
/usr/bin/cmake -E cmake_link_script CMakeFiles/cmTC_059b5.dir/link.txt --verbose=1
/usr/bin/cc   -O3 -DNDEBUG    -rdynamic CMakeFiles/cmTC_059b5.dir/src.c.o  -o cmTC_059b5 
make[1]: Leaving directory '/home/cfreeze/opencv/opencv-3.4.9/build/CMakeFiles/CMakeTmp'

===== END =====

Build output check failed:
    Regex: 'command line option .* is valid for .* but not for C'
    Output line: 'cc1: warning: command line option ‘-Wsuggest-override’ is valid for C++/ObjC++ but not for C'
Compilation failed:
    source file: '/home/cfreeze/opencv/opencv-3.4.9/build/CMakeFiles/CMakeTmp/src.c'
    check option: ' -fsigned-char -W -Wall -Werror=return-type -Werror=non-virtual-dtor -Werror=address -Werror=sequence-point -Wformat -Werror=format-security -Wmissing-declarations -Wmissing-prototypes -Wstrict-prototypes -Wundef -Winit-self -Wpointer-arith -Wshadow -Wuninitialized -Winit-self  -Wsuggest-override'
===== BUILD LOG =====
Change Dir: /home/cfreeze/opencv/opencv-3.4.9/build/CMakeFiles/CMakeTmp

Run Build Command:"/usr/bin/make" "cmTC_c1b43/fast"
/usr/bin/make -f CMakeFiles/cmTC_c1b43.dir/build.make CMakeFiles/cmTC_c1b43.dir/build
make[1]: Entering directory '/home/cfreeze/opencv/opencv-3.4.9/build/CMakeFiles/CMakeTmp'
Building C object CMakeFiles/cmTC_c1b43.dir/src.c.o
/usr/bin/cc   -O3 -DNDEBUG -fPIE   -fsigned-char -W -Wall -Werror=return-type -Werror=non-virtual-dtor -Werror=address -Werror=sequence-point -Wformat -Werror=format-security -Wmissing-declarations -Wmissing-prototypes -Wstrict-prototypes -Wundef -Winit-self -Wpointer-arith -Wshadow -Wuninitialized -Winit-self -Wsuggest-override -o CMakeFiles/cmTC_c1b43.dir/src.c.o   -c /home/cfreeze/opencv/opencv-3.4.9/build/CMakeFiles/CMakeTmp/src.c
cc1: warning: ‘-Werror=’ argument ‘-Werror=non-virtual-dtor’ is not valid for C
cc1: warning: command line option ‘-Wsuggest-override’ is valid for C++/ObjC++ but not for C
/home/cfreeze/opencv/opencv-3.4.9/build/CMakeFiles/CMakeTmp/src.c:1:0: warning: ignoring #pragma   [-Wunknown-pragmas]
 #pragma
 
Linking C executable cmTC_c1b43
/usr/bin/cmake -E cmake_link_script CMakeFiles/cmTC_c1b43.dir/link.txt --verbose=1
/usr/bin/cc   -O3 -DNDEBUG    -rdynamic CMakeFiles/cmTC_c1b43.dir/src.c.o  -o cmTC_c1b43 
make[1]: Leaving directory '/home/cfreeze/opencv/opencv-3.4.9/build/CMakeFiles/CMakeTmp'

===== END =====

Build output check failed:
    Regex: 'command line option .* is valid for .* but not for C'
    Output line: 'cc1: warning: command line option ‘-Wno-delete-non-virtual-dtor’ is valid for C++/ObjC++ but not for C'
Compilation failed:
    source file: '/home/cfreeze/opencv/opencv-3.4.9/build/CMakeFiles/CMakeTmp/src.c'
    check option: ' -fsigned-char -W -Wall -Werror=return-type -Werror=non-virtual-dtor -Werror=address -Werror=sequence-point -Wformat -Werror=format-security -Wmissing-declarations -Wmissing-prototypes -Wstrict-prototypes -Wundef -Winit-self -Wpointer-arith -Wshadow -Wuninitialized -Winit-self  -Wno-delete-non-virtual-dtor'
===== BUILD LOG =====
Change Dir: /home/cfreeze/opencv/opencv-3.4.9/build/CMakeFiles/CMakeTmp

Run Build Command:"/usr/bin/make" "cmTC_278aa/fast"
/usr/bin/make -f CMakeFiles/cmTC_278aa.dir/build.make CMakeFiles/cmTC_278aa.dir/build
make[1]: Entering directory '/home/cfreeze/opencv/opencv-3.4.9/build/CMakeFiles/CMakeTmp'
Building C object CMakeFiles/cmTC_278aa.dir/src.c.o
/usr/bin/cc   -O3 -DNDEBUG -fPIE   -fsigned-char -W -Wall -Werror=return-type -Werror=non-virtual-dtor -Werror=address -Werror=sequence-point -Wformat -Werror=format-security -Wmissing-declarations -Wmissing-prototypes -Wstrict-prototypes -Wundef -Winit-self -Wpointer-arith -Wshadow -Wuninitialized -Winit-self -Wno-delete-non-virtual-dtor -o CMakeFiles/cmTC_278aa.dir/src.c.o   -c /home/cfreeze/opencv/opencv-3.4.9/build/CMakeFiles/CMakeTmp/src.c
cc1: warning: ‘-Werror=’ argument ‘-Werror=non-virtual-dtor’ is not valid for C
cc1: warning: command line option ‘-Wno-delete-non-virtual-dtor’ is valid for C++/ObjC++ but not for C
/home/cfreeze/opencv/opencv-3.4.9/build/CMakeFiles/CMakeTmp/src.c:1:0: warning: ignoring #pragma   [-Wunknown-pragmas]
 #pragma
 
Linking C executable cmTC_278aa
/usr/bin/cmake -E cmake_link_script CMakeFiles/cmTC_278aa.dir/link.txt --verbose=1
/usr/bin/cc   -O3 -DNDEBUG    -rdynamic CMakeFiles/cmTC_278aa.dir/src.c.o  -o cmTC_278aa 
make[1]: Leaving directory '/home/cfreeze/opencv/opencv-3.4.9/build/CMakeFiles/CMakeTmp'

===== END =====

Build output check failed:
    Regex: 'unrecognized .*option'
    Output line: 'cc1plus: warning: unrecognized command line option ‘-Wno-unnamed-type-template-args’'
Compilation failed:
    source file: '/home/cfreeze/opencv/opencv-3.4.9/build/CMakeFiles/CMakeTmp/src.cxx'
    check option: ' -fsigned-char -W -Wall -Werror=return-type -Werror=non-virtual-dtor -Werror=address -Werror=sequence-point -Wformat -Werror=format-security -Wmissing-declarations -Wundef -Winit-self -Wpointer-arith -Wshadow -Wsign-promo -Wuninitialized -Winit-self -Wsuggest-override -Wno-delete-non-virtual-dtor  -Wno-unnamed-type-template-args'
===== BUILD LOG =====
Change Dir: /home/cfreeze/opencv/opencv-3.4.9/build/CMakeFiles/CMakeTmp

Run Build Command:"/usr/bin/make" "cmTC_55590/fast"
/usr/bin/make -f CMakeFiles/cmTC_55590.dir/build.make CMakeFiles/cmTC_55590.dir/build
make[1]: Entering directory '/home/cfreeze/opencv/opencv-3.4.9/build/CMakeFiles/CMakeTmp'
Building CXX object CMakeFiles/cmTC_55590.dir/src.cxx.o
/usr/bin/c++    -O3 -DNDEBUG -fPIE   -fsigned-char -W -Wall -Werror=return-type -Werror=non-virtual-dtor -Werror=address -Werror=sequence-point -Wformat -Werror=format-security -Wmissing-declarations -Wundef -Winit-self -Wpointer-arith -Wshadow -Wsign-promo -Wuninitialized -Winit-self -Wsuggest-override -Wno-delete-non-virtual-dtor -Wno-unnamed-type-template-args -o CMakeFiles/cmTC_55590.dir/src.cxx.o -c /home/cfreeze/opencv/opencv-3.4.9/build/CMakeFiles/CMakeTmp/src.cxx
/home/cfreeze/opencv/opencv-3.4.9/build/CMakeFiles/CMakeTmp/src.cxx:1:0: warning: ignoring #pragma   [-Wunknown-pragmas]
 #pragma
 
cc1plus: warning: unrecognized command line option ‘-Wno-unnamed-type-template-args’
Linking CXX executable cmTC_55590
/usr/bin/cmake -E cmake_link_script CMakeFiles/cmTC_55590.dir/link.txt --verbose=1
/usr/bin/c++    -O3 -DNDEBUG    -rdynamic CMakeFiles/cmTC_55590.dir/src.cxx.o  -o cmTC_55590 
make[1]: Leaving directory '/home/cfreeze/opencv/opencv-3.4.9/build/CMakeFiles/CMakeTmp'

===== END =====

Build output check failed:
    Regex: 'unrecognized .*option'
    Output line: 'cc1: warning: unrecognized command line option ‘-Wno-unnamed-type-template-args’'
Compilation failed:
    source file: '/home/cfreeze/opencv/opencv-3.4.9/build/CMakeFiles/CMakeTmp/src.c'
    check option: ' -fsigned-char -W -Wall -Werror=return-type -Werror=non-virtual-dtor -Werror=address -Werror=sequence-point -Wformat -Werror=format-security -Wmissing-declarations -Wmissing-prototypes -Wstrict-prototypes -Wundef -Winit-self -Wpointer-arith -Wshadow -Wuninitialized -Winit-self  -Wno-unnamed-type-template-args'
===== BUILD LOG =====
Change Dir: /home/cfreeze/opencv/opencv-3.4.9/build/CMakeFiles/CMakeTmp

Run Build Command:"/usr/bin/make" "cmTC_b67c3/fast"
/usr/bin/make -f CMakeFiles/cmTC_b67c3.dir/build.make CMakeFiles/cmTC_b67c3.dir/build
make[1]: Entering directory '/home/cfreeze/opencv/opencv-3.4.9/build/CMakeFiles/CMakeTmp'
Building C object CMakeFiles/cmTC_b67c3.dir/src.c.o
/usr/bin/cc   -O3 -DNDEBUG -fPIE   -fsigned-char -W -Wall -Werror=return-type -Werror=non-virtual-dtor -Werror=address -Werror=sequence-point -Wformat -Werror=format-security -Wmissing-declarations -Wmissing-prototypes -Wstrict-prototypes -Wundef -Winit-self -Wpointer-arith -Wshadow -Wuninitialized -Winit-self -Wno-unnamed-type-template-args -o CMakeFiles/cmTC_b67c3.dir/src.c.o   -c /home/cfreeze/opencv/opencv-3.4.9/build/CMakeFiles/CMakeTmp/src.c
cc1: warning: ‘-Werror=’ argument ‘-Werror=non-virtual-dtor’ is not valid for C
/home/cfreeze/opencv/opencv-3.4.9/build/CMakeFiles/CMakeTmp/src.c:1:0: warning: ignoring #pragma   [-Wunknown-pragmas]
 #pragma
 
cc1: warning: unrecognized command line option ‘-Wno-unnamed-type-template-args’
Linking C executable cmTC_b67c3
/usr/bin/cmake -E cmake_link_script CMakeFiles/cmTC_b67c3.dir/link.txt --verbose=1
/usr/bin/cc   -O3 -DNDEBUG    -rdynamic CMakeFiles/cmTC_b67c3.dir/src.c.o  -o cmTC_b67c3 
make[1]: Leaving directory '/home/cfreeze/opencv/opencv-3.4.9/build/CMakeFiles/CMakeTmp'

===== END =====

Build output check failed:
    Regex: 'command line option .* is valid for .* but not for C'
    Output line: 'cc1: warning: command line option ‘-fvisibility-inlines-hidden’ is valid for C++/ObjC++ but not for C'
Compilation failed:
    source file: '/home/cfreeze/opencv/opencv-3.4.9/build/CMakeFiles/CMakeTmp/src.c'
    check option: ' -fsigned-char -W -Wall -Werror=return-type -Werror=non-virtual-dtor -Werror=address -Werror=sequence-point -Wformat -Werror=format-security -Wmissing-declarations -Wmissing-prototypes -Wstrict-prototypes -Wundef -Winit-self -Wpointer-arith -Wshadow -Wuninitialized -Winit-self -Wno-comment -Wimplicit-fallthrough=3 -Wno-strict-overflow -fdiagnostics-show-option -Wno-long-long -pthread -fomit-frame-pointer -ffunction-sections -fdata-sections  -msse -msse2 -msse3 -fvisibility=hidden  -fvisibility-inlines-hidden'
===== BUILD LOG =====
Change Dir: /home/cfreeze/opencv/opencv-3.4.9/build/CMakeFiles/CMakeTmp

Run Build Command:"/usr/bin/make" "cmTC_4a511/fast"
/usr/bin/make -f CMakeFiles/cmTC_4a511.dir/build.make CMakeFiles/cmTC_4a511.dir/build
make[1]: Entering directory '/home/cfreeze/opencv/opencv-3.4.9/build/CMakeFiles/CMakeTmp'
Building C object CMakeFiles/cmTC_4a511.dir/src.c.o
/usr/bin/cc   -O3 -DNDEBUG -fPIE   -fsigned-char -W -Wall -Werror=return-type -Werror=non-virtual-dtor -Werror=address -Werror=sequence-point -Wformat -Werror=format-security -Wmissing-declarations -Wmissing-prototypes -Wstrict-prototypes -Wundef -Winit-self -Wpointer-arith -Wshadow -Wuninitialized -Winit-self -Wno-comment -Wimplicit-fallthrough=3 -Wno-strict-overflow -fdiagnostics-show-option -Wno-long-long -pthread -fomit-frame-pointer -ffunction-sections -fdata-sections -msse -msse2 -msse3 -fvisibility=hidden -fvisibility-inlines-hidden -o CMakeFiles/cmTC_4a511.dir/src.c.o   -c /home/cfreeze/opencv/opencv-3.4.9/build/CMakeFiles/CMakeTmp/src.c
cc1: warning: ‘-Werror=’ argument ‘-Werror=non-virtual-dtor’ is not valid for C
cc1: warning: command line option ‘-fvisibility-inlines-hidden’ is valid for C++/ObjC++ but not for C
/home/cfreeze/opencv/opencv-3.4.9/build/CMakeFiles/CMakeTmp/src.c:1:0: warning: ignoring #pragma   [-Wunknown-pragmas]
 #pragma
 
Linking C executable cmTC_4a511
/usr/bin/cmake -E cmake_link_script CMakeFiles/cmTC_4a511.dir/link.txt --verbose=1
/usr/bin/cc   -O3 -DNDEBUG    -rdynamic CMakeFiles/cmTC_4a511.dir/src.c.o  -o cmTC_4a511 
make[1]: Leaving directory '/home/cfreeze/opencv/opencv-3.4.9/build/CMakeFiles/CMakeTmp'

===== END =====

Build output check failed:
    Regex: 'unrecognized .*option'
    Output line: 'cc1: warning: unrecognized command line option ‘-Wno-absolute-value’'
Compilation failed:
    source file: '/home/cfreeze/opencv/opencv-3.4.9/build/CMakeFiles/CMakeTmp/src.c'
    check option: ' -Wno-absolute-value'
===== BUILD LOG =====
Change Dir: /home/cfreeze/opencv/opencv-3.4.9/build/CMakeFiles/CMakeTmp

Run Build Command:"/usr/bin/make" "cmTC_0ae18/fast"
/usr/bin/make -f CMakeFiles/cmTC_0ae18.dir/build.make CMakeFiles/cmTC_0ae18.dir/build
make[1]: Entering directory '/home/cfreeze/opencv/opencv-3.4.9/build/CMakeFiles/CMakeTmp'
Building C object CMakeFiles/cmTC_0ae18.dir/src.c.o
/usr/bin/cc   -fsigned-char -W -Wall -Werror=return-type -Werror=non-virtual-dtor -Werror=address -Werror=sequence-point -Wformat -Werror=format-security -Wstrict-prototypes -Wundef -Winit-self -Wpointer-arith -Wuninitialized -Winit-self -Wno-comment -Wimplicit-fallthrough=3 -Wno-strict-overflow -fdiagnostics-show-option -Wno-long-long -pthread -fomit-frame-pointer -ffunction-sections -fdata-sections  -msse -msse2 -msse3 -fvisibility=hidden -Wno-implicit-function-declaration -Wno-uninitialized -Wno-missing-prototypes -Wno-unused-but-set-parameter -Wno-missing-declarations -Wno-unused -Wno-shadow -Wno-sign-compare -Wno-strict-overflow -Wno-pointer-compare  -O3 -DNDEBUG -fPIE   -Wno-absolute-value -o CMakeFiles/cmTC_0ae18.dir/src.c.o   -c /home/cfreeze/opencv/opencv-3.4.9/build/CMakeFiles/CMakeTmp/src.c
cc1: warning: ‘-Werror=’ argument ‘-Werror=non-virtual-dtor’ is not valid for C
/home/cfreeze/opencv/opencv-3.4.9/build/CMakeFiles/CMakeTmp/src.c:1:0: warning: ignoring #pragma   [-Wunknown-pragmas]
 #pragma
 
cc1: warning: unrecognized command line option ‘-Wno-absolute-value’
Linking C executable cmTC_0ae18
/usr/bin/cmake -E cmake_link_script CMakeFiles/cmTC_0ae18.dir/link.txt --verbose=1
/usr/bin/cc    -fsigned-char -W -Wall -Werror=return-type -Werror=non-virtual-dtor -Werror=address -Werror=sequence-point -Wformat -Werror=format-security -Wstrict-prototypes -Wundef -Winit-self -Wpointer-arith -Wuninitialized -Winit-self -Wno-comment -Wimplicit-fallthrough=3 -Wno-strict-overflow -fdiagnostics-show-option -Wno-long-long -pthread -fomit-frame-pointer -ffunction-sections -fdata-sections  -msse -msse2 -msse3 -fvisibility=hidden -Wno-implicit-function-declaration -Wno-uninitialized -Wno-missing-prototypes -Wno-unused-but-set-parameter -Wno-missing-declarations -Wno-unused -Wno-shadow -Wno-sign-compare -Wno-strict-overflow -Wno-pointer-compare  -O3 -DNDEBUG    -Wl,--gc-sections  -rdynamic CMakeFiles/cmTC_0ae18.dir/src.c.o  -o cmTC_0ae18 
make[1]: Leaving directory '/home/cfreeze/opencv/opencv-3.4.9/build/CMakeFiles/CMakeTmp'

===== END =====

Build output check failed:
    Regex: 'unrecognized .*option'
    Output line: 'cc1plus: warning: unrecognized command line option ‘-Wno-inconsistent-missing-override’'
Compilation failed:
    source file: '/home/cfreeze/opencv/opencv-3.4.9/build/CMakeFiles/CMakeTmp/src.cxx'
    check option: ' -Wno-inconsistent-missing-override'
===== BUILD LOG =====
Change Dir: /home/cfreeze/opencv/opencv-3.4.9/build/CMakeFiles/CMakeTmp

Run Build Command:"/usr/bin/make" "cmTC_5d9d3/fast"
/usr/bin/make -f CMakeFiles/cmTC_5d9d3.dir/build.make CMakeFiles/cmTC_5d9d3.dir/build
make[1]: Entering directory '/home/cfreeze/opencv/opencv-3.4.9/build/CMakeFiles/CMakeTmp'
Building CXX object CMakeFiles/cmTC_5d9d3.dir/src.cxx.o
/usr/bin/c++    -fsigned-char -W -Wall -Werror=return-type -Werror=non-virtual-dtor -Werror=address -Werror=sequence-point -Wformat -Werror=format-security -Winit-self -Wpointer-arith -Wsign-promo -Winit-self -Wno-delete-non-virtual-dtor -Wno-comment -Wimplicit-fallthrough=3 -Wno-strict-overflow -fdiagnostics-show-option -Wno-long-long -pthread -fomit-frame-pointer -ffunction-sections -fdata-sections  -msse -msse2 -msse3 -fvisibility=hidden -fvisibility-inlines-hidden -Wno-shadow -Wno-unused -Wno-sign-compare -Wno-undef -Wno-missing-declarations -Wno-uninitialized -Wno-switch -Wno-parentheses -Wno-array-bounds -Wno-extra -Wno-deprecated-declarations -Wno-misleading-indentation -Wno-deprecated -Wno-suggest-override  -O3 -DNDEBUG -fPIE   -Wno-inconsistent-missing-override -o CMakeFiles/cmTC_5d9d3.dir/src.cxx.o -c /home/cfreeze/opencv/opencv-3.4.9/build/CMakeFiles/CMakeTmp/src.cxx
/home/cfreeze/opencv/opencv-3.4.9/build/CMakeFiles/CMakeTmp/src.cxx:1:0: warning: ignoring #pragma   [-Wunknown-pragmas]
 #pragma
 
cc1plus: warning: unrecognized command line option ‘-Wno-inconsistent-missing-override’
Linking CXX executable cmTC_5d9d3
/usr/bin/cmake -E cmake_link_script CMakeFiles/cmTC_5d9d3.dir/link.txt --verbose=1
/usr/bin/c++     -fsigned-char -W -Wall -Werror=return-type -Werror=non-virtual-dtor -Werror=address -Werror=sequence-point -Wformat -Werror=format-security -Winit-self -Wpointer-arith -Wsign-promo -Winit-self -Wno-delete-non-virtual-dtor -Wno-comment -Wimplicit-fallthrough=3 -Wno-strict-overflow -fdiagnostics-show-option -Wno-long-long -pthread -fomit-frame-pointer -ffunction-sections -fdata-sections  -msse -msse2 -msse3 -fvisibility=hidden -fvisibility-inlines-hidden -Wno-shadow -Wno-unused -Wno-sign-compare -Wno-undef -Wno-missing-declarations -Wno-uninitialized -Wno-switch -Wno-parentheses -Wno-array-bounds -Wno-extra -Wno-deprecated-declarations -Wno-misleading-indentation -Wno-deprecated -Wno-suggest-override  -O3 -DNDEBUG    -Wl,--gc-sections  -rdynamic CMakeFiles/cmTC_5d9d3.dir/src.cxx.o  -o cmTC_5d9d3 
make[1]: Leaving directory '/home/cfreeze/opencv/opencv-3.4.9/build/CMakeFiles/CMakeTmp'

===== END =====

Build output check failed:
    Regex: 'command line option .* is valid for .* but not for C\+\+'
    Output line: 'cc1plus: warning: command line option ‘-Wno-missing-prototypes’ is valid for C/ObjC but not for C++'
Compilation failed:
    source file: '/home/cfreeze/opencv/opencv-3.4.9/build/CMakeFiles/CMakeTmp/src.cxx'
    check option: ' -Wno-missing-prototypes'
===== BUILD LOG =====
Change Dir: /home/cfreeze/opencv/opencv-3.4.9/build/CMakeFiles/CMakeTmp

Run Build Command:"/usr/bin/make" "cmTC_c3ed2/fast"
/usr/bin/make -f CMakeFiles/cmTC_c3ed2.dir/build.make CMakeFiles/cmTC_c3ed2.dir/build
make[1]: Entering directory '/home/cfreeze/opencv/opencv-3.4.9/build/CMakeFiles/CMakeTmp'
Building CXX object CMakeFiles/cmTC_c3ed2.dir/src.cxx.o
/usr/bin/c++    -fsigned-char -W -Wall -Werror=return-type -Werror=non-virtual-dtor -Werror=address -Werror=sequence-point -Wformat -Werror=format-security -Winit-self -Wpointer-arith -Wsign-promo -Winit-self -Wno-delete-non-virtual-dtor -Wno-comment -Wno-strict-overflow -fdiagnostics-show-option -Wno-long-long -pthread -fomit-frame-pointer -ffunction-sections -fdata-sections  -msse -msse2 -msse3 -fvisibility=hidden -fvisibility-inlines-hidden -Wno-shadow -Wno-unused -Wno-sign-compare -Wno-undef -Wno-missing-declarations -Wno-uninitialized -Wno-switch -Wno-parentheses -Wno-array-bounds -Wno-extra -Wno-deprecated-declarations -Wno-misleading-indentation -Wno-deprecated -Wno-suggest-override -Wno-implicit-fallthrough -Wno-tautological-compare  -O3 -DNDEBUG -fPIE   -Wno-missing-prototypes -o CMakeFiles/cmTC_c3ed2.dir/src.cxx.o -c /home/cfreeze/opencv/opencv-3.4.9/build/CMakeFiles/CMakeTmp/src.cxx
cc1plus: warning: command line option ‘-Wno-missing-prototypes’ is valid for C/ObjC but not for C++
/home/cfreeze/opencv/opencv-3.4.9/build/CMakeFiles/CMakeTmp/src.cxx:1:0: warning: ignoring #pragma   [-Wunknown-pragmas]
 #pragma
 
Linking CXX executable cmTC_c3ed2
/usr/bin/cmake -E cmake_link_script CMakeFiles/cmTC_c3ed2.dir/link.txt --verbose=1
/usr/bin/c++     -fsigned-char -W -Wall -Werror=return-type -Werror=non-virtual-dtor -Werror=address -Werror=sequence-point -Wformat -Werror=format-security -Winit-self -Wpointer-arith -Wsign-promo -Winit-self -Wno-delete-non-virtual-dtor -Wno-comment -Wno-strict-overflow -fdiagnostics-show-option -Wno-long-long -pthread -fomit-frame-pointer -ffunction-sections -fdata-sections  -msse -msse2 -msse3 -fvisibility=hidden -fvisibility-inlines-hidden -Wno-shadow -Wno-unused -Wno-sign-compare -Wno-undef -Wno-missing-declarations -Wno-uninitialized -Wno-switch -Wno-parentheses -Wno-array-bounds -Wno-extra -Wno-deprecated-declarations -Wno-misleading-indentation -Wno-deprecated -Wno-suggest-override -Wno-implicit-fallthrough -Wno-tautological-compare  -O3 -DNDEBUG    -Wl,--gc-sections  -rdynamic CMakeFiles/cmTC_c3ed2.dir/src.cxx.o  -o cmTC_c3ed2 
make[1]: Leaving directory '/home/cfreeze/opencv/opencv-3.4.9/build/CMakeFiles/CMakeTmp'

===== END =====

Determining if the include file linux/videodev.h exists failed with the following output:
Change Dir: /home/cfreeze/opencv/opencv-3.4.9/build/CMakeFiles/CMakeTmp

Run Build Command:"/usr/bin/make" "cmTC_f286f/fast"
/usr/bin/make -f CMakeFiles/cmTC_f286f.dir/build.make CMakeFiles/cmTC_f286f.dir/build
make[1]: Entering directory '/home/cfreeze/opencv/opencv-3.4.9/build/CMakeFiles/CMakeTmp'
Building C object CMakeFiles/cmTC_f286f.dir/CheckIncludeFile.c.o
/usr/bin/cc   -fsigned-char -W -Wall -Werror=return-type -Werror=non-virtual-dtor -Werror=address -Werror=sequence-point -Wformat -Werror=format-security -Wmissing-declarations -Wmissing-prototypes -Wstrict-prototypes -Wundef -Winit-self -Wpointer-arith -Wshadow -Wuninitialized -Winit-self -Wno-comment -Wimplicit-fallthrough=3 -Wno-strict-overflow -fdiagnostics-show-option -Wno-long-long -pthread -fomit-frame-pointer -ffunction-sections -fdata-sections  -msse -msse2 -msse3 -fvisibility=hidden  -O3 -DNDEBUG -fPIE   -o CMakeFiles/cmTC_f286f.dir/CheckIncludeFile.c.o   -c /home/cfreeze/opencv/opencv-3.4.9/build/CMakeFiles/CMakeTmp/CheckIncludeFile.c
cc1: warning: ‘-Werror=’ argument ‘-Werror=non-virtual-dtor’ is not valid for C
/home/cfreeze/opencv/opencv-3.4.9/build/CMakeFiles/CMakeTmp/CheckIncludeFile.c:1:10: fatal error: linux/videodev.h: No such file or directory
 #include <linux/videodev.h>
          ^~~~~~~~~~~~~~~~~~
compilation terminated.
CMakeFiles/cmTC_f286f.dir/build.make:65: recipe for target 'CMakeFiles/cmTC_f286f.dir/CheckIncludeFile.c.o' failed
make[1]: *** [CMakeFiles/cmTC_f286f.dir/CheckIncludeFile.c.o] Error 1
make[1]: Leaving directory '/home/cfreeze/opencv/opencv-3.4.9/build/CMakeFiles/CMakeTmp'
Makefile:126: recipe for target 'cmTC_f286f/fast' failed
make: *** [cmTC_f286f/fast] Error 2


Determining if the include file sys/videoio.h exists failed with the following output:
Change Dir: /home/cfreeze/opencv/opencv-3.4.9/build/CMakeFiles/CMakeTmp

Run Build Command:"/usr/bin/make" "cmTC_db40e/fast"
/usr/bin/make -f CMakeFiles/cmTC_db40e.dir/build.make CMakeFiles/cmTC_db40e.dir/build
make[1]: Entering directory '/home/cfreeze/opencv/opencv-3.4.9/build/CMakeFiles/CMakeTmp'
Building C object CMakeFiles/cmTC_db40e.dir/CheckIncludeFile.c.o
/usr/bin/cc   -fsigned-char -W -Wall -Werror=return-type -Werror=non-virtual-dtor -Werror=address -Werror=sequence-point -Wformat -Werror=format-security -Wmissing-declarations -Wmissing-prototypes -Wstrict-prototypes -Wundef -Winit-self -Wpointer-arith -Wshadow -Wuninitialized -Winit-self -Wno-comment -Wimplicit-fallthrough=3 -Wno-strict-overflow -fdiagnostics-show-option -Wno-long-long -pthread -fomit-frame-pointer -ffunction-sections -fdata-sections  -msse -msse2 -msse3 -fvisibility=hidden  -O3 -DNDEBUG -fPIE   -o CMakeFiles/cmTC_db40e.dir/CheckIncludeFile.c.o   -c /home/cfreeze/opencv/opencv-3.4.9/build/CMakeFiles/CMakeTmp/CheckIncludeFile.c
cc1: warning: ‘-Werror=’ argument ‘-Werror=non-virtual-dtor’ is not valid for C
/home/cfreeze/opencv/opencv-3.4.9/build/CMakeFiles/CMakeTmp/CheckIncludeFile.c:1:10: fatal error: sys/videoio.h: No such file or directory
 #include <sys/videoio.h>
          ^~~~~~~~~~~~~~~
compilation terminated.
CMakeFiles/cmTC_db40e.dir/build.make:65: recipe for target 'CMakeFiles/cmTC_db40e.dir/CheckIncludeFile.c.o' failed
make[1]: *** [CMakeFiles/cmTC_db40e.dir/CheckIncludeFile.c.o] Error 1
make[1]: Leaving directory '/home/cfreeze/opencv/opencv-3.4.9/build/CMakeFiles/CMakeTmp'
Makefile:126: recipe for target 'cmTC_db40e/fast' failed
make: *** [cmTC_db40e/fast] Error 2


Build output check failed:
    Regex: 'unrecognized .*option'
    Output line: 'cc1plus: warning: unrecognized command line option ‘-Wno-tautological-undefined-compare’'
Compilation failed:
    source file: '/home/cfreeze/opencv/opencv-3.4.9/build/CMakeFiles/CMakeTmp/src.cxx'
    check option: ' -Wno-tautological-undefined-compare'
===== BUILD LOG =====
Change Dir: /home/cfreeze/opencv/opencv-3.4.9/build/CMakeFiles/CMakeTmp

Run Build Command:"/usr/bin/make" "cmTC_b238b/fast"
/usr/bin/make -f CMakeFiles/cmTC_b238b.dir/build.make CMakeFiles/cmTC_b238b.dir/build
make[1]: Entering directory '/home/cfreeze/opencv/opencv-3.4.9/build/CMakeFiles/CMakeTmp'
Building CXX object CMakeFiles/cmTC_b238b.dir/src.cxx.o
/usr/bin/c++    -fsigned-char -W -Wall -Werror=return-type -Werror=non-virtual-dtor -Werror=address -Werror=sequence-point -Wformat -Werror=format-security -Winit-self -Wpointer-arith -Wuninitialized -Winit-self -Wsuggest-override -Wno-delete-non-virtual-dtor -Wno-comment -Wimplicit-fallthrough=3 -Wno-strict-overflow -fdiagnostics-show-option -Wno-long-long -pthread -fomit-frame-pointer -ffunction-sections -fdata-sections  -msse -msse2 -msse3 -fvisibility=hidden -fvisibility-inlines-hidden -Wno-deprecated -Wno-missing-declarations -Wno-shadow -Wno-unused-parameter -Wno-unused-local-typedefs -Wno-sign-compare -Wno-sign-promo -Wno-undef  -O3 -DNDEBUG -fPIE   -Wno-tautological-undefined-compare -o CMakeFiles/cmTC_b238b.dir/src.cxx.o -c /home/cfreeze/opencv/opencv-3.4.9/build/CMakeFiles/CMakeTmp/src.cxx
/home/cfreeze/opencv/opencv-3.4.9/build/CMakeFiles/CMakeTmp/src.cxx:1:0: warning: ignoring #pragma   [-Wunknown-pragmas]
 #pragma
 
cc1plus: warning: unrecognized command line option ‘-Wno-tautological-undefined-compare’
Linking CXX executable cmTC_b238b
/usr/bin/cmake -E cmake_link_script CMakeFiles/cmTC_b238b.dir/link.txt --verbose=1
/usr/bin/c++     -fsigned-char -W -Wall -Werror=return-type -Werror=non-virtual-dtor -Werror=address -Werror=sequence-point -Wformat -Werror=format-security -Winit-self -Wpointer-arith -Wuninitialized -Winit-self -Wsuggest-override -Wno-delete-non-virtual-dtor -Wno-comment -Wimplicit-fallthrough=3 -Wno-strict-overflow -fdiagnostics-show-option -Wno-long-long -pthread -fomit-frame-pointer -ffunction-sections -fdata-sections  -msse -msse2 -msse3 -fvisibility=hidden -fvisibility-inlines-hidden -Wno-deprecated -Wno-missing-declarations -Wno-shadow -Wno-unused-parameter -Wno-unused-local-typedefs -Wno-sign-compare -Wno-sign-promo -Wno-undef  -O3 -DNDEBUG    -Wl,--gc-sections  -rdynamic CMakeFiles/cmTC_b238b.dir/src.cxx.o  -o cmTC_b238b 
make[1]: Leaving directory '/home/cfreeze/opencv/opencv-3.4.9/build/CMakeFiles/CMakeTmp'

===== END =====

Build output check failed:
    Regex: 'unrecognized .*option'
    Output line: 'cc1plus: warning: unrecognized command line option ‘-Wno-shorten-64-to-32’'
Compilation failed:
    source file: '/home/cfreeze/opencv/opencv-3.4.9/build/CMakeFiles/CMakeTmp/src.cxx'
    check option: ' -Wno-shorten-64-to-32'
===== BUILD LOG =====
Change Dir: /home/cfreeze/opencv/opencv-3.4.9/build/CMakeFiles/CMakeTmp

Run Build Command:"/usr/bin/make" "cmTC_f441b/fast"
/usr/bin/make -f CMakeFiles/cmTC_f441b.dir/build.make CMakeFiles/cmTC_f441b.dir/build
make[1]: Entering directory '/home/cfreeze/opencv/opencv-3.4.9/build/CMakeFiles/CMakeTmp'
Building CXX object CMakeFiles/cmTC_f441b.dir/src.cxx.o
/usr/bin/c++    -fsigned-char -W -Wall -Werror=return-type -Werror=non-virtual-dtor -Werror=address -Werror=sequence-point -Wformat -Werror=format-security -Winit-self -Wpointer-arith -Wuninitialized -Winit-self -Wsuggest-override -Wno-delete-non-virtual-dtor -Wno-comment -Wimplicit-fallthrough=3 -Wno-strict-overflow -fdiagnostics-show-option -Wno-long-long -pthread -fomit-frame-pointer -ffunction-sections -fdata-sections  -msse -msse2 -msse3 -fvisibility=hidden -fvisibility-inlines-hidden -Wno-deprecated -Wno-missing-declarations -Wno-shadow -Wno-unused-parameter -Wno-unused-local-typedefs -Wno-sign-compare -Wno-sign-promo -Wno-undef -Wno-ignored-qualifiers -Wno-extra -Wno-unused-function -Wno-unused-const-variable  -O3 -DNDEBUG -fPIE   -Wno-shorten-64-to-32 -o CMakeFiles/cmTC_f441b.dir/src.cxx.o -c /home/cfreeze/opencv/opencv-3.4.9/build/CMakeFiles/CMakeTmp/src.cxx
/home/cfreeze/opencv/opencv-3.4.9/build/CMakeFiles/CMakeTmp/src.cxx:1:0: warning: ignoring #pragma   [-Wunknown-pragmas]
 #pragma
 
cc1plus: warning: unrecognized command line option ‘-Wno-shorten-64-to-32’
Linking CXX executable cmTC_f441b
/usr/bin/cmake -E cmake_link_script CMakeFiles/cmTC_f441b.dir/link.txt --verbose=1
/usr/bin/c++     -fsigned-char -W -Wall -Werror=return-type -Werror=non-virtual-dtor -Werror=address -Werror=sequence-point -Wformat -Werror=format-security -Winit-self -Wpointer-arith -Wuninitialized -Winit-self -Wsuggest-override -Wno-delete-non-virtual-dtor -Wno-comment -Wimplicit-fallthrough=3 -Wno-strict-overflow -fdiagnostics-show-option -Wno-long-long -pthread -fomit-frame-pointer -ffunction-sections -fdata-sections  -msse -msse2 -msse3 -fvisibility=hidden -fvisibility-inlines-hidden -Wno-deprecated -Wno-missing-declarations -Wno-shadow -Wno-unused-parameter -Wno-unused-local-typedefs -Wno-sign-compare -Wno-sign-promo -Wno-undef -Wno-ignored-qualifiers -Wno-extra -Wno-unused-function -Wno-unused-const-variable  -O3 -DNDEBUG    -Wl,--gc-sections  -rdynamic CMakeFiles/cmTC_f441b.dir/src.cxx.o  -o cmTC_f441b 
make[1]: Leaving directory '/home/cfreeze/opencv/opencv-3.4.9/build/CMakeFiles/CMakeTmp'

===== END =====

Build output check failed:
    Regex: 'unrecognized .*option'
    Output line: 'cc1plus: warning: unrecognized command line option ‘-Wno-enum-compare-switch’'
Compilation failed:
    source file: '/home/cfreeze/opencv/opencv-3.4.9/build/CMakeFiles/CMakeTmp/src.cxx'
    check option: ' -Wno-enum-compare-switch'
===== BUILD LOG =====
Change Dir: /home/cfreeze/opencv/opencv-3.4.9/build/CMakeFiles/CMakeTmp

Run Build Command:"/usr/bin/make" "cmTC_a226d/fast"
/usr/bin/make -f CMakeFiles/cmTC_a226d.dir/build.make CMakeFiles/cmTC_a226d.dir/build
make[1]: Entering directory '/home/cfreeze/opencv/opencv-3.4.9/build/CMakeFiles/CMakeTmp'
Building CXX object CMakeFiles/cmTC_a226d.dir/src.cxx.o
/usr/bin/c++    -fsigned-char -W -Wall -Werror=return-type -Werror=non-virtual-dtor -Werror=address -Werror=sequence-point -Wformat -Werror=format-security -Winit-self -Wpointer-arith -Wuninitialized -Winit-self -Wsuggest-override -Wno-delete-non-virtual-dtor -Wno-comment -Wimplicit-fallthrough=3 -Wno-strict-overflow -fdiagnostics-show-option -Wno-long-long -pthread -fomit-frame-pointer -ffunction-sections -fdata-sections  -msse -msse2 -msse3 -fvisibility=hidden -fvisibility-inlines-hidden -Wno-deprecated -Wno-missing-declarations -Wno-shadow -Wno-unused-parameter -Wno-unused-local-typedefs -Wno-sign-compare -Wno-sign-promo -Wno-undef -Wno-ignored-qualifiers -Wno-extra -Wno-unused-function -Wno-unused-const-variable -Wno-invalid-offsetof  -O3 -DNDEBUG -fPIE   -Wno-enum-compare-switch -o CMakeFiles/cmTC_a226d.dir/src.cxx.o -c /home/cfreeze/opencv/opencv-3.4.9/build/CMakeFiles/CMakeTmp/src.cxx
/home/cfreeze/opencv/opencv-3.4.9/build/CMakeFiles/CMakeTmp/src.cxx:1:0: warning: ignoring #pragma   [-Wunknown-pragmas]
 #pragma
 
cc1plus: warning: unrecognized command line option ‘-Wno-enum-compare-switch’
Linking CXX executable cmTC_a226d
/usr/bin/cmake -E cmake_link_script CMakeFiles/cmTC_a226d.dir/link.txt --verbose=1
/usr/bin/c++     -fsigned-char -W -Wall -Werror=return-type -Werror=non-virtual-dtor -Werror=address -Werror=sequence-point -Wformat -Werror=format-security -Winit-self -Wpointer-arith -Wuninitialized -Winit-self -Wsuggest-override -Wno-delete-non-virtual-dtor -Wno-comment -Wimplicit-fallthrough=3 -Wno-strict-overflow -fdiagnostics-show-option -Wno-long-long -pthread -fomit-frame-pointer -ffunction-sections -fdata-sections  -msse -msse2 -msse3 -fvisibility=hidden -fvisibility-inlines-hidden -Wno-deprecated -Wno-missing-declarations -Wno-shadow -Wno-unused-parameter -Wno-unused-local-typedefs -Wno-sign-compare -Wno-sign-promo -Wno-undef -Wno-ignored-qualifiers -Wno-extra -Wno-unused-function -Wno-unused-const-variable -Wno-invalid-offsetof  -O3 -DNDEBUG    -Wl,--gc-sections  -rdynamic CMakeFiles/cmTC_a226d.dir/src.cxx.o  -o cmTC_a226d 
make[1]: Leaving directory '/home/cfreeze/opencv/opencv-3.4.9/build/CMakeFiles/CMakeTmp'

===== END =====

Build output check failed:
    Regex: 'unrecognized .*option'
    Output line: 'cc1plus: warning: unrecognized command line option ‘-Wno-unused-private-field’'
Compilation failed:
    source file: '/home/cfreeze/opencv/opencv-3.4.9/build/CMakeFiles/CMakeTmp/src.cxx'
    check option: ' -Wno-unused-private-field'
===== BUILD LOG =====
Change Dir: /home/cfreeze/opencv/opencv-3.4.9/build/CMakeFiles/CMakeTmp

Run Build Command:"/usr/bin/make" "cmTC_b1f4b/fast"
/usr/bin/make -f CMakeFiles/cmTC_b1f4b.dir/build.make CMakeFiles/cmTC_b1f4b.dir/build
make[1]: Entering directory '/home/cfreeze/opencv/opencv-3.4.9/build/CMakeFiles/CMakeTmp'
Building CXX object CMakeFiles/cmTC_b1f4b.dir/src.cxx.o
/usr/bin/c++    -fsigned-char -W -Wall -Werror=return-type -Werror=non-virtual-dtor -Werror=address -Werror=sequence-point -Wformat -Werror=format-security -Wmissing-declarations -Wundef -Winit-self -Wpointer-arith -Wshadow -Wsign-promo -Wuninitialized -Winit-self -Wsuggest-override -Wno-delete-non-virtual-dtor -Wno-comment -Wimplicit-fallthrough=3 -Wno-strict-overflow -fdiagnostics-show-option -Wno-long-long -pthread -fomit-frame-pointer -ffunction-sections -fdata-sections  -msse -msse2 -msse3 -fvisibility=hidden -fvisibility-inlines-hidden -Wno-unused-function -Wno-deprecated-declarations -Wno-overloaded-virtual  -O3 -DNDEBUG -fPIE   -Wno-unused-private-field -o CMakeFiles/cmTC_b1f4b.dir/src.cxx.o -c /home/cfreeze/opencv/opencv-3.4.9/build/CMakeFiles/CMakeTmp/src.cxx
/home/cfreeze/opencv/opencv-3.4.9/build/CMakeFiles/CMakeTmp/src.cxx:1:0: warning: ignoring #pragma   [-Wunknown-pragmas]
 #pragma
 
cc1plus: warning: unrecognized command line option ‘-Wno-unused-private-field’
Linking CXX executable cmTC_b1f4b
/usr/bin/cmake -E cmake_link_script CMakeFiles/cmTC_b1f4b.dir/link.txt --verbose=1
/usr/bin/c++     -fsigned-char -W -Wall -Werror=return-type -Werror=non-virtual-dtor -Werror=address -Werror=sequence-point -Wformat -Werror=format-security -Wmissing-declarations -Wundef -Winit-self -Wpointer-arith -Wshadow -Wsign-promo -Wuninitialized -Winit-self -Wsuggest-override -Wno-delete-non-virtual-dtor -Wno-comment -Wimplicit-fallthrough=3 -Wno-strict-overflow -fdiagnostics-show-option -Wno-long-long -pthread -fomit-frame-pointer -ffunction-sections -fdata-sections  -msse -msse2 -msse3 -fvisibility=hidden -fvisibility-inlines-hidden -Wno-unused-function -Wno-deprecated-declarations -Wno-overloaded-virtual  -O3 -DNDEBUG    -Wl,--gc-sections  -rdynamic CMakeFiles/cmTC_b1f4b.dir/src.cxx.o  -o cmTC_b1f4b 
make[1]: Leaving directory '/home/cfreeze/opencv/opencv-3.4.9/build/CMakeFiles/CMakeTmp'

===== END =====

Determining if the CL_VERSION_2_2 exist failed with the following output:
Change Dir: /home/cfreeze/opencv/opencv-3.4.9/build/CMakeFiles/CMakeTmp

Run Build Command:"/usr/bin/make" "cmTC_e2360/fast"
/usr/bin/make -f CMakeFiles/cmTC_e2360.dir/build.make CMakeFiles/cmTC_e2360.dir/build
make[1]: Entering directory '/home/cfreeze/opencv/opencv-3.4.9/build/CMakeFiles/CMakeTmp'
Building C object CMakeFiles/cmTC_e2360.dir/CheckSymbolExists.c.o
/usr/bin/cc   -fsigned-char -W -Wall -Werror=return-type -Werror=non-virtual-dtor -Werror=address -Werror=sequence-point -Wformat -Werror=format-security -Wmissing-declarations -Wmissing-prototypes -Wstrict-prototypes -Wundef -Winit-self -Wpointer-arith -Wshadow -Wuninitialized -Winit-self -Wno-comment -Wimplicit-fallthrough=3 -Wno-strict-overflow -fdiagnostics-show-option -Wno-long-long -pthread -fomit-frame-pointer -ffunction-sections -fdata-sections  -msse -msse2 -msse3 -fvisibility=hidden  -O3 -DNDEBUG -fPIE   -o CMakeFiles/cmTC_e2360.dir/CheckSymbolExists.c.o   -c /home/cfreeze/opencv/opencv-3.4.9/build/CMakeFiles/CMakeTmp/CheckSymbolExists.c
cc1: warning: ‘-Werror=’ argument ‘-Werror=non-virtual-dtor’ is not valid for C
/home/cfreeze/opencv/opencv-3.4.9/build/CMakeFiles/CMakeTmp/CheckSymbolExists.c:2:10: fatal error: OpenCL_INCLUDE_DIR-NOTFOUND/CL/cl.h: No such file or directory
 #include <OpenCL_INCLUDE_DIR-NOTFOUND/CL/cl.h>
          ^~~~~~~~~~~~~~~~~~~~~~~~~~~~~~~~~~~~~
compilation terminated.
CMakeFiles/cmTC_e2360.dir/build.make:65: recipe for target 'CMakeFiles/cmTC_e2360.dir/CheckSymbolExists.c.o' failed
make[1]: *** [CMakeFiles/cmTC_e2360.dir/CheckSymbolExists.c.o] Error 1
make[1]: Leaving directory '/home/cfreeze/opencv/opencv-3.4.9/build/CMakeFiles/CMakeTmp'
Makefile:126: recipe for target 'cmTC_e2360/fast' failed
make: *** [cmTC_e2360/fast] Error 2

File /home/cfreeze/opencv/opencv-3.4.9/build/CMakeFiles/CMakeTmp/CheckSymbolExists.c:
/* */
#include <OpenCL_INCLUDE_DIR-NOTFOUND/CL/cl.h>

int main(int argc, char** argv)
{
  (void)argv;
#ifndef CL_VERSION_2_2
  return ((int*)(&CL_VERSION_2_2))[argc];
#else
  (void)argc;
  return 0;
#endif
}

Determining if the CL_VERSION_2_1 exist failed with the following output:
Change Dir: /home/cfreeze/opencv/opencv-3.4.9/build/CMakeFiles/CMakeTmp

Run Build Command:"/usr/bin/make" "cmTC_d5446/fast"
/usr/bin/make -f CMakeFiles/cmTC_d5446.dir/build.make CMakeFiles/cmTC_d5446.dir/build
make[1]: Entering directory '/home/cfreeze/opencv/opencv-3.4.9/build/CMakeFiles/CMakeTmp'
Building C object CMakeFiles/cmTC_d5446.dir/CheckSymbolExists.c.o
/usr/bin/cc   -fsigned-char -W -Wall -Werror=return-type -Werror=non-virtual-dtor -Werror=address -Werror=sequence-point -Wformat -Werror=format-security -Wmissing-declarations -Wmissing-prototypes -Wstrict-prototypes -Wundef -Winit-self -Wpointer-arith -Wshadow -Wuninitialized -Winit-self -Wno-comment -Wimplicit-fallthrough=3 -Wno-strict-overflow -fdiagnostics-show-option -Wno-long-long -pthread -fomit-frame-pointer -ffunction-sections -fdata-sections  -msse -msse2 -msse3 -fvisibility=hidden  -O3 -DNDEBUG -fPIE   -o CMakeFiles/cmTC_d5446.dir/CheckSymbolExists.c.o   -c /home/cfreeze/opencv/opencv-3.4.9/build/CMakeFiles/CMakeTmp/CheckSymbolExists.c
cc1: warning: ‘-Werror=’ argument ‘-Werror=non-virtual-dtor’ is not valid for C
/home/cfreeze/opencv/opencv-3.4.9/build/CMakeFiles/CMakeTmp/CheckSymbolExists.c:2:10: fatal error: OpenCL_INCLUDE_DIR-NOTFOUND/CL/cl.h: No such file or directory
 #include <OpenCL_INCLUDE_DIR-NOTFOUND/CL/cl.h>
          ^~~~~~~~~~~~~~~~~~~~~~~~~~~~~~~~~~~~~
compilation terminated.
CMakeFiles/cmTC_d5446.dir/build.make:65: recipe for target 'CMakeFiles/cmTC_d5446.dir/CheckSymbolExists.c.o' failed
make[1]: *** [CMakeFiles/cmTC_d5446.dir/CheckSymbolExists.c.o] Error 1
make[1]: Leaving directory '/home/cfreeze/opencv/opencv-3.4.9/build/CMakeFiles/CMakeTmp'
Makefile:126: recipe for target 'cmTC_d5446/fast' failed
make: *** [cmTC_d5446/fast] Error 2

File /home/cfreeze/opencv/opencv-3.4.9/build/CMakeFiles/CMakeTmp/CheckSymbolExists.c:
/* */
#include <OpenCL_INCLUDE_DIR-NOTFOUND/CL/cl.h>

int main(int argc, char** argv)
{
  (void)argv;
#ifndef CL_VERSION_2_1
  return ((int*)(&CL_VERSION_2_1))[argc];
#else
  (void)argc;
  return 0;
#endif
}

Determining if the CL_VERSION_2_0 exist failed with the following output:
Change Dir: /home/cfreeze/opencv/opencv-3.4.9/build/CMakeFiles/CMakeTmp

Run Build Command:"/usr/bin/make" "cmTC_34a71/fast"
/usr/bin/make -f CMakeFiles/cmTC_34a71.dir/build.make CMakeFiles/cmTC_34a71.dir/build
make[1]: Entering directory '/home/cfreeze/opencv/opencv-3.4.9/build/CMakeFiles/CMakeTmp'
Building C object CMakeFiles/cmTC_34a71.dir/CheckSymbolExists.c.o
/usr/bin/cc   -fsigned-char -W -Wall -Werror=return-type -Werror=non-virtual-dtor -Werror=address -Werror=sequence-point -Wformat -Werror=format-security -Wmissing-declarations -Wmissing-prototypes -Wstrict-prototypes -Wundef -Winit-self -Wpointer-arith -Wshadow -Wuninitialized -Winit-self -Wno-comment -Wimplicit-fallthrough=3 -Wno-strict-overflow -fdiagnostics-show-option -Wno-long-long -pthread -fomit-frame-pointer -ffunction-sections -fdata-sections  -msse -msse2 -msse3 -fvisibility=hidden  -O3 -DNDEBUG -fPIE   -o CMakeFiles/cmTC_34a71.dir/CheckSymbolExists.c.o   -c /home/cfreeze/opencv/opencv-3.4.9/build/CMakeFiles/CMakeTmp/CheckSymbolExists.c
cc1: warning: ‘-Werror=’ argument ‘-Werror=non-virtual-dtor’ is not valid for C
/home/cfreeze/opencv/opencv-3.4.9/build/CMakeFiles/CMakeTmp/CheckSymbolExists.c:2:10: fatal error: OpenCL_INCLUDE_DIR-NOTFOUND/CL/cl.h: No such file or directory
 #include <OpenCL_INCLUDE_DIR-NOTFOUND/CL/cl.h>
          ^~~~~~~~~~~~~~~~~~~~~~~~~~~~~~~~~~~~~
compilation terminated.
CMakeFiles/cmTC_34a71.dir/build.make:65: recipe for target 'CMakeFiles/cmTC_34a71.dir/CheckSymbolExists.c.o' failed
make[1]: *** [CMakeFiles/cmTC_34a71.dir/CheckSymbolExists.c.o] Error 1
make[1]: Leaving directory '/home/cfreeze/opencv/opencv-3.4.9/build/CMakeFiles/CMakeTmp'
Makefile:126: recipe for target 'cmTC_34a71/fast' failed
make: *** [cmTC_34a71/fast] Error 2

File /home/cfreeze/opencv/opencv-3.4.9/build/CMakeFiles/CMakeTmp/CheckSymbolExists.c:
/* */
#include <OpenCL_INCLUDE_DIR-NOTFOUND/CL/cl.h>

int main(int argc, char** argv)
{
  (void)argv;
#ifndef CL_VERSION_2_0
  return ((int*)(&CL_VERSION_2_0))[argc];
#else
  (void)argc;
  return 0;
#endif
}

Determining if the CL_VERSION_1_2 exist failed with the following output:
Change Dir: /home/cfreeze/opencv/opencv-3.4.9/build/CMakeFiles/CMakeTmp

Run Build Command:"/usr/bin/make" "cmTC_07048/fast"
/usr/bin/make -f CMakeFiles/cmTC_07048.dir/build.make CMakeFiles/cmTC_07048.dir/build
make[1]: Entering directory '/home/cfreeze/opencv/opencv-3.4.9/build/CMakeFiles/CMakeTmp'
Building C object CMakeFiles/cmTC_07048.dir/CheckSymbolExists.c.o
/usr/bin/cc   -fsigned-char -W -Wall -Werror=return-type -Werror=non-virtual-dtor -Werror=address -Werror=sequence-point -Wformat -Werror=format-security -Wmissing-declarations -Wmissing-prototypes -Wstrict-prototypes -Wundef -Winit-self -Wpointer-arith -Wshadow -Wuninitialized -Winit-self -Wno-comment -Wimplicit-fallthrough=3 -Wno-strict-overflow -fdiagnostics-show-option -Wno-long-long -pthread -fomit-frame-pointer -ffunction-sections -fdata-sections  -msse -msse2 -msse3 -fvisibility=hidden  -O3 -DNDEBUG -fPIE   -o CMakeFiles/cmTC_07048.dir/CheckSymbolExists.c.o   -c /home/cfreeze/opencv/opencv-3.4.9/build/CMakeFiles/CMakeTmp/CheckSymbolExists.c
cc1: warning: ‘-Werror=’ argument ‘-Werror=non-virtual-dtor’ is not valid for C
/home/cfreeze/opencv/opencv-3.4.9/build/CMakeFiles/CMakeTmp/CheckSymbolExists.c:2:10: fatal error: OpenCL_INCLUDE_DIR-NOTFOUND/CL/cl.h: No such file or directory
 #include <OpenCL_INCLUDE_DIR-NOTFOUND/CL/cl.h>
          ^~~~~~~~~~~~~~~~~~~~~~~~~~~~~~~~~~~~~
compilation terminated.
CMakeFiles/cmTC_07048.dir/build.make:65: recipe for target 'CMakeFiles/cmTC_07048.dir/CheckSymbolExists.c.o' failed
make[1]: *** [CMakeFiles/cmTC_07048.dir/CheckSymbolExists.c.o] Error 1
make[1]: Leaving directory '/home/cfreeze/opencv/opencv-3.4.9/build/CMakeFiles/CMakeTmp'
Makefile:126: recipe for target 'cmTC_07048/fast' failed
make: *** [cmTC_07048/fast] Error 2

File /home/cfreeze/opencv/opencv-3.4.9/build/CMakeFiles/CMakeTmp/CheckSymbolExists.c:
/* */
#include <OpenCL_INCLUDE_DIR-NOTFOUND/CL/cl.h>

int main(int argc, char** argv)
{
  (void)argv;
#ifndef CL_VERSION_1_2
  return ((int*)(&CL_VERSION_1_2))[argc];
#else
  (void)argc;
  return 0;
#endif
}

Determining if the CL_VERSION_1_1 exist failed with the following output:
Change Dir: /home/cfreeze/opencv/opencv-3.4.9/build/CMakeFiles/CMakeTmp

Run Build Command:"/usr/bin/make" "cmTC_c230b/fast"
/usr/bin/make -f CMakeFiles/cmTC_c230b.dir/build.make CMakeFiles/cmTC_c230b.dir/build
make[1]: Entering directory '/home/cfreeze/opencv/opencv-3.4.9/build/CMakeFiles/CMakeTmp'
Building C object CMakeFiles/cmTC_c230b.dir/CheckSymbolExists.c.o
/usr/bin/cc   -fsigned-char -W -Wall -Werror=return-type -Werror=non-virtual-dtor -Werror=address -Werror=sequence-point -Wformat -Werror=format-security -Wmissing-declarations -Wmissing-prototypes -Wstrict-prototypes -Wundef -Winit-self -Wpointer-arith -Wshadow -Wuninitialized -Winit-self -Wno-comment -Wimplicit-fallthrough=3 -Wno-strict-overflow -fdiagnostics-show-option -Wno-long-long -pthread -fomit-frame-pointer -ffunction-sections -fdata-sections  -msse -msse2 -msse3 -fvisibility=hidden  -O3 -DNDEBUG -fPIE   -o CMakeFiles/cmTC_c230b.dir/CheckSymbolExists.c.o   -c /home/cfreeze/opencv/opencv-3.4.9/build/CMakeFiles/CMakeTmp/CheckSymbolExists.c
cc1: warning: ‘-Werror=’ argument ‘-Werror=non-virtual-dtor’ is not valid for C
/home/cfreeze/opencv/opencv-3.4.9/build/CMakeFiles/CMakeTmp/CheckSymbolExists.c:2:10: fatal error: OpenCL_INCLUDE_DIR-NOTFOUND/CL/cl.h: No such file or directory
 #include <OpenCL_INCLUDE_DIR-NOTFOUND/CL/cl.h>
          ^~~~~~~~~~~~~~~~~~~~~~~~~~~~~~~~~~~~~
compilation terminated.
CMakeFiles/cmTC_c230b.dir/build.make:65: recipe for target 'CMakeFiles/cmTC_c230b.dir/CheckSymbolExists.c.o' failed
make[1]: *** [CMakeFiles/cmTC_c230b.dir/CheckSymbolExists.c.o] Error 1
make[1]: Leaving directory '/home/cfreeze/opencv/opencv-3.4.9/build/CMakeFiles/CMakeTmp'
Makefile:126: recipe for target 'cmTC_c230b/fast' failed
make: *** [cmTC_c230b/fast] Error 2

File /home/cfreeze/opencv/opencv-3.4.9/build/CMakeFiles/CMakeTmp/CheckSymbolExists.c:
/* */
#include <OpenCL_INCLUDE_DIR-NOTFOUND/CL/cl.h>

int main(int argc, char** argv)
{
  (void)argv;
#ifndef CL_VERSION_1_1
  return ((int*)(&CL_VERSION_1_1))[argc];
#else
  (void)argc;
  return 0;
#endif
}

Determining if the CL_VERSION_1_0 exist failed with the following output:
Change Dir: /home/cfreeze/opencv/opencv-3.4.9/build/CMakeFiles/CMakeTmp

Run Build Command:"/usr/bin/make" "cmTC_b5d34/fast"
/usr/bin/make -f CMakeFiles/cmTC_b5d34.dir/build.make CMakeFiles/cmTC_b5d34.dir/build
make[1]: Entering directory '/home/cfreeze/opencv/opencv-3.4.9/build/CMakeFiles/CMakeTmp'
Building C object CMakeFiles/cmTC_b5d34.dir/CheckSymbolExists.c.o
/usr/bin/cc   -fsigned-char -W -Wall -Werror=return-type -Werror=non-virtual-dtor -Werror=address -Werror=sequence-point -Wformat -Werror=format-security -Wmissing-declarations -Wmissing-prototypes -Wstrict-prototypes -Wundef -Winit-self -Wpointer-arith -Wshadow -Wuninitialized -Winit-self -Wno-comment -Wimplicit-fallthrough=3 -Wno-strict-overflow -fdiagnostics-show-option -Wno-long-long -pthread -fomit-frame-pointer -ffunction-sections -fdata-sections  -msse -msse2 -msse3 -fvisibility=hidden  -O3 -DNDEBUG -fPIE   -o CMakeFiles/cmTC_b5d34.dir/CheckSymbolExists.c.o   -c /home/cfreeze/opencv/opencv-3.4.9/build/CMakeFiles/CMakeTmp/CheckSymbolExists.c
cc1: warning: ‘-Werror=’ argument ‘-Werror=non-virtual-dtor’ is not valid for C
/home/cfreeze/opencv/opencv-3.4.9/build/CMakeFiles/CMakeTmp/CheckSymbolExists.c:2:10: fatal error: OpenCL_INCLUDE_DIR-NOTFOUND/CL/cl.h: No such file or directory
 #include <OpenCL_INCLUDE_DIR-NOTFOUND/CL/cl.h>
          ^~~~~~~~~~~~~~~~~~~~~~~~~~~~~~~~~~~~~
compilation terminated.
CMakeFiles/cmTC_b5d34.dir/build.make:65: recipe for target 'CMakeFiles/cmTC_b5d34.dir/CheckSymbolExists.c.o' failed
make[1]: *** [CMakeFiles/cmTC_b5d34.dir/CheckSymbolExists.c.o] Error 1
make[1]: Leaving directory '/home/cfreeze/opencv/opencv-3.4.9/build/CMakeFiles/CMakeTmp'
Makefile:126: recipe for target 'cmTC_b5d34/fast' failed
make: *** [cmTC_b5d34/fast] Error 2

File /home/cfreeze/opencv/opencv-3.4.9/build/CMakeFiles/CMakeTmp/CheckSymbolExists.c:
/* */
#include <OpenCL_INCLUDE_DIR-NOTFOUND/CL/cl.h>

int main(int argc, char** argv)
{
  (void)argv;
#ifndef CL_VERSION_1_0
  return ((int*)(&CL_VERSION_1_0))[argc];
#else
  (void)argc;
  return 0;
#endif
}

Determining if the include file linux/videodev.h exists failed with the following output:
Change Dir: /home/cfreeze/opencv/opencv-3.4.9/build/CMakeFiles/CMakeTmp

Run Build Command:"/usr/bin/make" "cmTC_51732/fast"
/usr/bin/make -f CMakeFiles/cmTC_51732.dir/build.make CMakeFiles/cmTC_51732.dir/build
make[1]: Entering directory '/home/cfreeze/opencv/opencv-3.4.9/build/CMakeFiles/CMakeTmp'
Building C object CMakeFiles/cmTC_51732.dir/CheckIncludeFile.c.o
/usr/bin/cc   -fsigned-char -W -Wall -Werror=return-type -Werror=non-virtual-dtor -Werror=address -Werror=sequence-point -Wformat -Werror=format-security -Wmissing-declarations -Wmissing-prototypes -Wstrict-prototypes -Wundef -Winit-self -Wpointer-arith -Wshadow -Wuninitialized -Winit-self -Wno-comment -Wimplicit-fallthrough=3 -Wno-strict-overflow -fdiagnostics-show-option -Wno-long-long -pthread -fomit-frame-pointer -ffunction-sections -fdata-sections  -msse -msse2 -msse3 -fvisibility=hidden  -O3 -DNDEBUG -fPIE   -o CMakeFiles/cmTC_51732.dir/CheckIncludeFile.c.o   -c /home/cfreeze/opencv/opencv-3.4.9/build/CMakeFiles/CMakeTmp/CheckIncludeFile.c
cc1: warning: ‘-Werror=’ argument ‘-Werror=non-virtual-dtor’ is not valid for C
/home/cfreeze/opencv/opencv-3.4.9/build/CMakeFiles/CMakeTmp/CheckIncludeFile.c:1:10: fatal error: linux/videodev.h: No such file or directory
 #include <linux/videodev.h>
          ^~~~~~~~~~~~~~~~~~
compilation terminated.
CMakeFiles/cmTC_51732.dir/build.make:65: recipe for target 'CMakeFiles/cmTC_51732.dir/CheckIncludeFile.c.o' failed
make[1]: *** [CMakeFiles/cmTC_51732.dir/CheckIncludeFile.c.o] Error 1
make[1]: Leaving directory '/home/cfreeze/opencv/opencv-3.4.9/build/CMakeFiles/CMakeTmp'
Makefile:126: recipe for target 'cmTC_51732/fast' failed
make: *** [cmTC_51732/fast] Error 2


Determining if the include file sys/videoio.h exists failed with the following output:
Change Dir: /home/cfreeze/opencv/opencv-3.4.9/build/CMakeFiles/CMakeTmp

Run Build Command:"/usr/bin/make" "cmTC_d1617/fast"
/usr/bin/make -f CMakeFiles/cmTC_d1617.dir/build.make CMakeFiles/cmTC_d1617.dir/build
make[1]: Entering directory '/home/cfreeze/opencv/opencv-3.4.9/build/CMakeFiles/CMakeTmp'
Building C object CMakeFiles/cmTC_d1617.dir/CheckIncludeFile.c.o
/usr/bin/cc   -fsigned-char -W -Wall -Werror=return-type -Werror=non-virtual-dtor -Werror=address -Werror=sequence-point -Wformat -Werror=format-security -Wmissing-declarations -Wmissing-prototypes -Wstrict-prototypes -Wundef -Winit-self -Wpointer-arith -Wshadow -Wuninitialized -Winit-self -Wno-comment -Wimplicit-fallthrough=3 -Wno-strict-overflow -fdiagnostics-show-option -Wno-long-long -pthread -fomit-frame-pointer -ffunction-sections -fdata-sections  -msse -msse2 -msse3 -fvisibility=hidden  -O3 -DNDEBUG -fPIE   -o CMakeFiles/cmTC_d1617.dir/CheckIncludeFile.c.o   -c /home/cfreeze/opencv/opencv-3.4.9/build/CMakeFiles/CMakeTmp/CheckIncludeFile.c
cc1: warning: ‘-Werror=’ argument ‘-Werror=non-virtual-dtor’ is not valid for C
/home/cfreeze/opencv/opencv-3.4.9/build/CMakeFiles/CMakeTmp/CheckIncludeFile.c:1:10: fatal error: sys/videoio.h: No such file or directory
 #include <sys/videoio.h>
          ^~~~~~~~~~~~~~~
compilation terminated.
CMakeFiles/cmTC_d1617.dir/build.make:65: recipe for target 'CMakeFiles/cmTC_d1617.dir/CheckIncludeFile.c.o' failed
make[1]: *** [CMakeFiles/cmTC_d1617.dir/CheckIncludeFile.c.o] Error 1
make[1]: Leaving directory '/home/cfreeze/opencv/opencv-3.4.9/build/CMakeFiles/CMakeTmp'
Makefile:126: recipe for target 'cmTC_d1617/fast' failed
make: *** [cmTC_d1617/fast] Error 2


Determining if the include file linux/videodev.h exists failed with the following output:
Change Dir: /home/cfreeze/opencv/opencv-3.4.9/build/CMakeFiles/CMakeTmp

Run Build Command:"/usr/bin/make" "cmTC_02261/fast"
/usr/bin/make -f CMakeFiles/cmTC_02261.dir/build.make CMakeFiles/cmTC_02261.dir/build
make[1]: Entering directory '/home/cfreeze/opencv/opencv-3.4.9/build/CMakeFiles/CMakeTmp'
Building C object CMakeFiles/cmTC_02261.dir/CheckIncludeFile.c.o
/usr/bin/cc   -fsigned-char -W -Wall -Werror=return-type -Werror=non-virtual-dtor -Werror=address -Werror=sequence-point -Wformat -Werror=format-security -Wmissing-declarations -Wmissing-prototypes -Wstrict-prototypes -Wundef -Winit-self -Wpointer-arith -Wshadow -Wuninitialized -Winit-self -Wno-comment -Wimplicit-fallthrough=3 -Wno-strict-overflow -fdiagnostics-show-option -Wno-long-long -pthread -fomit-frame-pointer -ffunction-sections -fdata-sections  -msse -msse2 -msse3 -fvisibility=hidden  -O3 -DNDEBUG -fPIE   -o CMakeFiles/cmTC_02261.dir/CheckIncludeFile.c.o   -c /home/cfreeze/opencv/opencv-3.4.9/build/CMakeFiles/CMakeTmp/CheckIncludeFile.c
cc1: warning: ‘-Werror=’ argument ‘-Werror=non-virtual-dtor’ is not valid for C
/home/cfreeze/opencv/opencv-3.4.9/build/CMakeFiles/CMakeTmp/CheckIncludeFile.c:1:10: fatal error: linux/videodev.h: No such file or directory
 #include <linux/videodev.h>
          ^~~~~~~~~~~~~~~~~~
compilation terminated.
CMakeFiles/cmTC_02261.dir/build.make:65: recipe for target 'CMakeFiles/cmTC_02261.dir/CheckIncludeFile.c.o' failed
make[1]: *** [CMakeFiles/cmTC_02261.dir/CheckIncludeFile.c.o] Error 1
make[1]: Leaving directory '/home/cfreeze/opencv/opencv-3.4.9/build/CMakeFiles/CMakeTmp'
Makefile:126: recipe for target 'cmTC_02261/fast' failed
make: *** [cmTC_02261/fast] Error 2


Determining if the include file sys/videoio.h exists failed with the following output:
Change Dir: /home/cfreeze/opencv/opencv-3.4.9/build/CMakeFiles/CMakeTmp

Run Build Command:"/usr/bin/make" "cmTC_99db6/fast"
/usr/bin/make -f CMakeFiles/cmTC_99db6.dir/build.make CMakeFiles/cmTC_99db6.dir/build
make[1]: Entering directory '/home/cfreeze/opencv/opencv-3.4.9/build/CMakeFiles/CMakeTmp'
Building C object CMakeFiles/cmTC_99db6.dir/CheckIncludeFile.c.o
/usr/bin/cc   -fsigned-char -W -Wall -Werror=return-type -Werror=non-virtual-dtor -Werror=address -Werror=sequence-point -Wformat -Werror=format-security -Wmissing-declarations -Wmissing-prototypes -Wstrict-prototypes -Wundef -Winit-self -Wpointer-arith -Wshadow -Wuninitialized -Winit-self -Wno-comment -Wimplicit-fallthrough=3 -Wno-strict-overflow -fdiagnostics-show-option -Wno-long-long -pthread -fomit-frame-pointer -ffunction-sections -fdata-sections  -msse -msse2 -msse3 -fvisibility=hidden  -O3 -DNDEBUG -fPIE   -o CMakeFiles/cmTC_99db6.dir/CheckIncludeFile.c.o   -c /home/cfreeze/opencv/opencv-3.4.9/build/CMakeFiles/CMakeTmp/CheckIncludeFile.c
cc1: warning: ‘-Werror=’ argument ‘-Werror=non-virtual-dtor’ is not valid for C
/home/cfreeze/opencv/opencv-3.4.9/build/CMakeFiles/CMakeTmp/CheckIncludeFile.c:1:10: fatal error: sys/videoio.h: No such file or directory
 #include <sys/videoio.h>
          ^~~~~~~~~~~~~~~
compilation terminated.
CMakeFiles/cmTC_99db6.dir/build.make:65: recipe for target 'CMakeFiles/cmTC_99db6.dir/CheckIncludeFile.c.o' failed
make[1]: *** [CMakeFiles/cmTC_99db6.dir/CheckIncludeFile.c.o] Error 1
make[1]: Leaving directory '/home/cfreeze/opencv/opencv-3.4.9/build/CMakeFiles/CMakeTmp'
Makefile:126: recipe for target 'cmTC_99db6/fast' failed
make: *** [cmTC_99db6/fast] Error 2


Determining if the include file linux/videodev.h exists failed with the following output:
Change Dir: /home/cfreeze/opencv/opencv-3.4.9/build/CMakeFiles/CMakeTmp

Run Build Command:"/usr/bin/make" "cmTC_6d2c7/fast"
/usr/bin/make -f CMakeFiles/cmTC_6d2c7.dir/build.make CMakeFiles/cmTC_6d2c7.dir/build
make[1]: Entering directory '/home/cfreeze/opencv/opencv-3.4.9/build/CMakeFiles/CMakeTmp'
Building C object CMakeFiles/cmTC_6d2c7.dir/CheckIncludeFile.c.o
/usr/bin/cc   -fsigned-char -W -Wall -Werror=return-type -Werror=non-virtual-dtor -Werror=address -Werror=sequence-point -Wformat -Werror=format-security -Wmissing-declarations -Wmissing-prototypes -Wstrict-prototypes -Wundef -Winit-self -Wpointer-arith -Wshadow -Wuninitialized -Winit-self -Wno-comment -Wimplicit-fallthrough=3 -Wno-strict-overflow -fdiagnostics-show-option -Wno-long-long -pthread -fomit-frame-pointer -ffunction-sections -fdata-sections  -msse -msse2 -msse3 -fvisibility=hidden  -O3 -DNDEBUG -fPIE   -o CMakeFiles/cmTC_6d2c7.dir/CheckIncludeFile.c.o   -c /home/cfreeze/opencv/opencv-3.4.9/build/CMakeFiles/CMakeTmp/CheckIncludeFile.c
cc1: warning: ‘-Werror=’ argument ‘-Werror=non-virtual-dtor’ is not valid for C
/home/cfreeze/opencv/opencv-3.4.9/build/CMakeFiles/CMakeTmp/CheckIncludeFile.c:1:10: fatal error: linux/videodev.h: No such file or directory
 #include <linux/videodev.h>
          ^~~~~~~~~~~~~~~~~~
compilation terminated.
CMakeFiles/cmTC_6d2c7.dir/build.make:65: recipe for target 'CMakeFiles/cmTC_6d2c7.dir/CheckIncludeFile.c.o' failed
make[1]: *** [CMakeFiles/cmTC_6d2c7.dir/CheckIncludeFile.c.o] Error 1
make[1]: Leaving directory '/home/cfreeze/opencv/opencv-3.4.9/build/CMakeFiles/CMakeTmp'
Makefile:126: recipe for target 'cmTC_6d2c7/fast' failed
make: *** [cmTC_6d2c7/fast] Error 2


Determining if the include file sys/videoio.h exists failed with the following output:
Change Dir: /home/cfreeze/opencv/opencv-3.4.9/build/CMakeFiles/CMakeTmp

Run Build Command:"/usr/bin/make" "cmTC_86b87/fast"
/usr/bin/make -f CMakeFiles/cmTC_86b87.dir/build.make CMakeFiles/cmTC_86b87.dir/build
make[1]: Entering directory '/home/cfreeze/opencv/opencv-3.4.9/build/CMakeFiles/CMakeTmp'
Building C object CMakeFiles/cmTC_86b87.dir/CheckIncludeFile.c.o
/usr/bin/cc   -fsigned-char -W -Wall -Werror=return-type -Werror=non-virtual-dtor -Werror=address -Werror=sequence-point -Wformat -Werror=format-security -Wmissing-declarations -Wmissing-prototypes -Wstrict-prototypes -Wundef -Winit-self -Wpointer-arith -Wshadow -Wuninitialized -Winit-self -Wno-comment -Wimplicit-fallthrough=3 -Wno-strict-overflow -fdiagnostics-show-option -Wno-long-long -pthread -fomit-frame-pointer -ffunction-sections -fdata-sections  -msse -msse2 -msse3 -fvisibility=hidden  -O3 -DNDEBUG -fPIE   -o CMakeFiles/cmTC_86b87.dir/CheckIncludeFile.c.o   -c /home/cfreeze/opencv/opencv-3.4.9/build/CMakeFiles/CMakeTmp/CheckIncludeFile.c
cc1: warning: ‘-Werror=’ argument ‘-Werror=non-virtual-dtor’ is not valid for C
/home/cfreeze/opencv/opencv-3.4.9/build/CMakeFiles/CMakeTmp/CheckIncludeFile.c:1:10: fatal error: sys/videoio.h: No such file or directory
 #include <sys/videoio.h>
          ^~~~~~~~~~~~~~~
compilation terminated.
CMakeFiles/cmTC_86b87.dir/build.make:65: recipe for target 'CMakeFiles/cmTC_86b87.dir/CheckIncludeFile.c.o' failed
make[1]: *** [CMakeFiles/cmTC_86b87.dir/CheckIncludeFile.c.o] Error 1
make[1]: Leaving directory '/home/cfreeze/opencv/opencv-3.4.9/build/CMakeFiles/CMakeTmp'
Makefile:126: recipe for target 'cmTC_86b87/fast' failed
make: *** [cmTC_86b87/fast] Error 2


Determining if the include file linux/videodev.h exists failed with the following output:
Change Dir: /home/cfreeze/opencv/opencv-3.4.9/build/CMakeFiles/CMakeTmp

Run Build Command:"/usr/bin/make" "cmTC_d156c/fast"
/usr/bin/make -f CMakeFiles/cmTC_d156c.dir/build.make CMakeFiles/cmTC_d156c.dir/build
make[1]: Entering directory '/home/cfreeze/opencv/opencv-3.4.9/build/CMakeFiles/CMakeTmp'
Building C object CMakeFiles/cmTC_d156c.dir/CheckIncludeFile.c.o
/usr/bin/cc   -fsigned-char -W -Wall -Werror=return-type -Werror=non-virtual-dtor -Werror=address -Werror=sequence-point -Wformat -Werror=format-security -Wmissing-declarations -Wmissing-prototypes -Wstrict-prototypes -Wundef -Winit-self -Wpointer-arith -Wshadow -Wuninitialized -Winit-self -Wno-comment -Wimplicit-fallthrough=3 -Wno-strict-overflow -fdiagnostics-show-option -Wno-long-long -pthread -fomit-frame-pointer -ffunction-sections -fdata-sections  -msse -msse2 -msse3 -fvisibility=hidden  -O3 -DNDEBUG -fPIE   -o CMakeFiles/cmTC_d156c.dir/CheckIncludeFile.c.o   -c /home/cfreeze/opencv/opencv-3.4.9/build/CMakeFiles/CMakeTmp/CheckIncludeFile.c
cc1: warning: ‘-Werror=’ argument ‘-Werror=non-virtual-dtor’ is not valid for C
/home/cfreeze/opencv/opencv-3.4.9/build/CMakeFiles/CMakeTmp/CheckIncludeFile.c:1:10: fatal error: linux/videodev.h: No such file or directory
 #include <linux/videodev.h>
          ^~~~~~~~~~~~~~~~~~
compilation terminated.
CMakeFiles/cmTC_d156c.dir/build.make:65: recipe for target 'CMakeFiles/cmTC_d156c.dir/CheckIncludeFile.c.o' failed
make[1]: *** [CMakeFiles/cmTC_d156c.dir/CheckIncludeFile.c.o] Error 1
make[1]: Leaving directory '/home/cfreeze/opencv/opencv-3.4.9/build/CMakeFiles/CMakeTmp'
Makefile:126: recipe for target 'cmTC_d156c/fast' failed
make: *** [cmTC_d156c/fast] Error 2


Determining if the include file sys/videoio.h exists failed with the following output:
Change Dir: /home/cfreeze/opencv/opencv-3.4.9/build/CMakeFiles/CMakeTmp

Run Build Command:"/usr/bin/make" "cmTC_a3a61/fast"
/usr/bin/make -f CMakeFiles/cmTC_a3a61.dir/build.make CMakeFiles/cmTC_a3a61.dir/build
make[1]: Entering directory '/home/cfreeze/opencv/opencv-3.4.9/build/CMakeFiles/CMakeTmp'
Building C object CMakeFiles/cmTC_a3a61.dir/CheckIncludeFile.c.o
/usr/bin/cc   -fsigned-char -W -Wall -Werror=return-type -Werror=non-virtual-dtor -Werror=address -Werror=sequence-point -Wformat -Werror=format-security -Wmissing-declarations -Wmissing-prototypes -Wstrict-prototypes -Wundef -Winit-self -Wpointer-arith -Wshadow -Wuninitialized -Winit-self -Wno-comment -Wimplicit-fallthrough=3 -Wno-strict-overflow -fdiagnostics-show-option -Wno-long-long -pthread -fomit-frame-pointer -ffunction-sections -fdata-sections  -msse -msse2 -msse3 -fvisibility=hidden  -O3 -DNDEBUG -fPIE   -o CMakeFiles/cmTC_a3a61.dir/CheckIncludeFile.c.o   -c /home/cfreeze/opencv/opencv-3.4.9/build/CMakeFiles/CMakeTmp/CheckIncludeFile.c
cc1: warning: ‘-Werror=’ argument ‘-Werror=non-virtual-dtor’ is not valid for C
/home/cfreeze/opencv/opencv-3.4.9/build/CMakeFiles/CMakeTmp/CheckIncludeFile.c:1:10: fatal error: sys/videoio.h: No such file or directory
 #include <sys/videoio.h>
          ^~~~~~~~~~~~~~~
compilation terminated.
CMakeFiles/cmTC_a3a61.dir/build.make:65: recipe for target 'CMakeFiles/cmTC_a3a61.dir/CheckIncludeFile.c.o' failed
make[1]: *** [CMakeFiles/cmTC_a3a61.dir/CheckIncludeFile.c.o] Error 1
make[1]: Leaving directory '/home/cfreeze/opencv/opencv-3.4.9/build/CMakeFiles/CMakeTmp'
Makefile:126: recipe for target 'cmTC_a3a61/fast' failed
make: *** [cmTC_a3a61/fast] Error 2


Determining if the include file linux/videodev.h exists failed with the following output:
Change Dir: /home/cfreeze/opencv/opencv-3.4.9/build/CMakeFiles/CMakeTmp

Run Build Command:"/usr/bin/make" "cmTC_19468/fast"
/usr/bin/make -f CMakeFiles/cmTC_19468.dir/build.make CMakeFiles/cmTC_19468.dir/build
make[1]: Entering directory '/home/cfreeze/opencv/opencv-3.4.9/build/CMakeFiles/CMakeTmp'
Building C object CMakeFiles/cmTC_19468.dir/CheckIncludeFile.c.o
/usr/bin/cc   -fsigned-char -W -Wall -Werror=return-type -Werror=non-virtual-dtor -Werror=address -Werror=sequence-point -Wformat -Werror=format-security -Wmissing-declarations -Wmissing-prototypes -Wstrict-prototypes -Wundef -Winit-self -Wpointer-arith -Wshadow -Wuninitialized -Winit-self -Wno-comment -Wimplicit-fallthrough=3 -Wno-strict-overflow -fdiagnostics-show-option -Wno-long-long -pthread -fomit-frame-pointer -ffunction-sections -fdata-sections  -msse -msse2 -msse3 -fvisibility=hidden  -O3 -DNDEBUG -fPIE   -o CMakeFiles/cmTC_19468.dir/CheckIncludeFile.c.o   -c /home/cfreeze/opencv/opencv-3.4.9/build/CMakeFiles/CMakeTmp/CheckIncludeFile.c
cc1: warning: ‘-Werror=’ argument ‘-Werror=non-virtual-dtor’ is not valid for C
/home/cfreeze/opencv/opencv-3.4.9/build/CMakeFiles/CMakeTmp/CheckIncludeFile.c:1:10: fatal error: linux/videodev.h: No such file or directory
 #include <linux/videodev.h>
          ^~~~~~~~~~~~~~~~~~
compilation terminated.
CMakeFiles/cmTC_19468.dir/build.make:65: recipe for target 'CMakeFiles/cmTC_19468.dir/CheckIncludeFile.c.o' failed
make[1]: *** [CMakeFiles/cmTC_19468.dir/CheckIncludeFile.c.o] Error 1
make[1]: Leaving directory '/home/cfreeze/opencv/opencv-3.4.9/build/CMakeFiles/CMakeTmp'
Makefile:126: recipe for target 'cmTC_19468/fast' failed
make: *** [cmTC_19468/fast] Error 2


Determining if the include file sys/videoio.h exists failed with the following output:
Change Dir: /home/cfreeze/opencv/opencv-3.4.9/build/CMakeFiles/CMakeTmp

Run Build Command:"/usr/bin/make" "cmTC_2ef08/fast"
/usr/bin/make -f CMakeFiles/cmTC_2ef08.dir/build.make CMakeFiles/cmTC_2ef08.dir/build
make[1]: Entering directory '/home/cfreeze/opencv/opencv-3.4.9/build/CMakeFiles/CMakeTmp'
Building C object CMakeFiles/cmTC_2ef08.dir/CheckIncludeFile.c.o
/usr/bin/cc   -fsigned-char -W -Wall -Werror=return-type -Werror=non-virtual-dtor -Werror=address -Werror=sequence-point -Wformat -Werror=format-security -Wmissing-declarations -Wmissing-prototypes -Wstrict-prototypes -Wundef -Winit-self -Wpointer-arith -Wshadow -Wuninitialized -Winit-self -Wno-comment -Wimplicit-fallthrough=3 -Wno-strict-overflow -fdiagnostics-show-option -Wno-long-long -pthread -fomit-frame-pointer -ffunction-sections -fdata-sections  -msse -msse2 -msse3 -fvisibility=hidden  -O3 -DNDEBUG -fPIE   -o CMakeFiles/cmTC_2ef08.dir/CheckIncludeFile.c.o   -c /home/cfreeze/opencv/opencv-3.4.9/build/CMakeFiles/CMakeTmp/CheckIncludeFile.c
cc1: warning: ‘-Werror=’ argument ‘-Werror=non-virtual-dtor’ is not valid for C
/home/cfreeze/opencv/opencv-3.4.9/build/CMakeFiles/CMakeTmp/CheckIncludeFile.c:1:10: fatal error: sys/videoio.h: No such file or directory
 #include <sys/videoio.h>
          ^~~~~~~~~~~~~~~
compilation terminated.
CMakeFiles/cmTC_2ef08.dir/build.make:65: recipe for target 'CMakeFiles/cmTC_2ef08.dir/CheckIncludeFile.c.o' failed
make[1]: *** [CMakeFiles/cmTC_2ef08.dir/CheckIncludeFile.c.o] Error 1
make[1]: Leaving directory '/home/cfreeze/opencv/opencv-3.4.9/build/CMakeFiles/CMakeTmp'
Makefile:126: recipe for target 'cmTC_2ef08/fast' failed
make: *** [cmTC_2ef08/fast] Error 2


Determining if the include file linux/videodev.h exists failed with the following output:
Change Dir: /home/cfreeze/opencv/opencv-3.4.9/build/CMakeFiles/CMakeTmp

Run Build Command:"/usr/bin/make" "cmTC_20c9d/fast"
/usr/bin/make -f CMakeFiles/cmTC_20c9d.dir/build.make CMakeFiles/cmTC_20c9d.dir/build
make[1]: Entering directory '/home/cfreeze/opencv/opencv-3.4.9/build/CMakeFiles/CMakeTmp'
Building C object CMakeFiles/cmTC_20c9d.dir/CheckIncludeFile.c.o
/usr/bin/cc   -fsigned-char -W -Wall -Werror=return-type -Werror=non-virtual-dtor -Werror=address -Werror=sequence-point -Wformat -Werror=format-security -Wmissing-declarations -Wmissing-prototypes -Wstrict-prototypes -Wundef -Winit-self -Wpointer-arith -Wshadow -Wuninitialized -Winit-self -Wno-comment -Wimplicit-fallthrough=3 -Wno-strict-overflow -fdiagnostics-show-option -Wno-long-long -pthread -fomit-frame-pointer -ffunction-sections -fdata-sections  -msse -msse2 -msse3 -fvisibility=hidden  -O3 -DNDEBUG -fPIE   -o CMakeFiles/cmTC_20c9d.dir/CheckIncludeFile.c.o   -c /home/cfreeze/opencv/opencv-3.4.9/build/CMakeFiles/CMakeTmp/CheckIncludeFile.c
cc1: warning: ‘-Werror=’ argument ‘-Werror=non-virtual-dtor’ is not valid for C
/home/cfreeze/opencv/opencv-3.4.9/build/CMakeFiles/CMakeTmp/CheckIncludeFile.c:1:10: fatal error: linux/videodev.h: No such file or directory
 #include <linux/videodev.h>
          ^~~~~~~~~~~~~~~~~~
compilation terminated.
CMakeFiles/cmTC_20c9d.dir/build.make:65: recipe for target 'CMakeFiles/cmTC_20c9d.dir/CheckIncludeFile.c.o' failed
make[1]: *** [CMakeFiles/cmTC_20c9d.dir/CheckIncludeFile.c.o] Error 1
make[1]: Leaving directory '/home/cfreeze/opencv/opencv-3.4.9/build/CMakeFiles/CMakeTmp'
Makefile:126: recipe for target 'cmTC_20c9d/fast' failed
make: *** [cmTC_20c9d/fast] Error 2


Determining if the include file sys/videoio.h exists failed with the following output:
Change Dir: /home/cfreeze/opencv/opencv-3.4.9/build/CMakeFiles/CMakeTmp

Run Build Command:"/usr/bin/make" "cmTC_064bf/fast"
/usr/bin/make -f CMakeFiles/cmTC_064bf.dir/build.make CMakeFiles/cmTC_064bf.dir/build
make[1]: Entering directory '/home/cfreeze/opencv/opencv-3.4.9/build/CMakeFiles/CMakeTmp'
Building C object CMakeFiles/cmTC_064bf.dir/CheckIncludeFile.c.o
/usr/bin/cc   -fsigned-char -W -Wall -Werror=return-type -Werror=non-virtual-dtor -Werror=address -Werror=sequence-point -Wformat -Werror=format-security -Wmissing-declarations -Wmissing-prototypes -Wstrict-prototypes -Wundef -Winit-self -Wpointer-arith -Wshadow -Wuninitialized -Winit-self -Wno-comment -Wimplicit-fallthrough=3 -Wno-strict-overflow -fdiagnostics-show-option -Wno-long-long -pthread -fomit-frame-pointer -ffunction-sections -fdata-sections  -msse -msse2 -msse3 -fvisibility=hidden  -O3 -DNDEBUG -fPIE   -o CMakeFiles/cmTC_064bf.dir/CheckIncludeFile.c.o   -c /home/cfreeze/opencv/opencv-3.4.9/build/CMakeFiles/CMakeTmp/CheckIncludeFile.c
cc1: warning: ‘-Werror=’ argument ‘-Werror=non-virtual-dtor’ is not valid for C
/home/cfreeze/opencv/opencv-3.4.9/build/CMakeFiles/CMakeTmp/CheckIncludeFile.c:1:10: fatal error: sys/videoio.h: No such file or directory
 #include <sys/videoio.h>
          ^~~~~~~~~~~~~~~
compilation terminated.
CMakeFiles/cmTC_064bf.dir/build.make:65: recipe for target 'CMakeFiles/cmTC_064bf.dir/CheckIncludeFile.c.o' failed
make[1]: *** [CMakeFiles/cmTC_064bf.dir/CheckIncludeFile.c.o] Error 1
make[1]: Leaving directory '/home/cfreeze/opencv/opencv-3.4.9/build/CMakeFiles/CMakeTmp'
Makefile:126: recipe for target 'cmTC_064bf/fast' failed
make: *** [cmTC_064bf/fast] Error 2


Determining if the include file linux/videodev.h exists failed with the following output:
Change Dir: /home/cfreeze/opencv/opencv-3.4.9/build/CMakeFiles/CMakeTmp

Run Build Command:"/usr/bin/make" "cmTC_8ae0e/fast"
/usr/bin/make -f CMakeFiles/cmTC_8ae0e.dir/build.make CMakeFiles/cmTC_8ae0e.dir/build
make[1]: Entering directory '/home/cfreeze/opencv/opencv-3.4.9/build/CMakeFiles/CMakeTmp'
Building C object CMakeFiles/cmTC_8ae0e.dir/CheckIncludeFile.c.o
/usr/bin/cc   -fsigned-char -W -Wall -Werror=return-type -Werror=non-virtual-dtor -Werror=address -Werror=sequence-point -Wformat -Werror=format-security -Wmissing-declarations -Wmissing-prototypes -Wstrict-prototypes -Wundef -Winit-self -Wpointer-arith -Wshadow -Wuninitialized -Winit-self -Wno-comment -Wimplicit-fallthrough=3 -Wno-strict-overflow -fdiagnostics-show-option -Wno-long-long -pthread -fomit-frame-pointer -ffunction-sections -fdata-sections  -msse -msse2 -msse3 -fvisibility=hidden  -O3 -DNDEBUG -fPIE   -o CMakeFiles/cmTC_8ae0e.dir/CheckIncludeFile.c.o   -c /home/cfreeze/opencv/opencv-3.4.9/build/CMakeFiles/CMakeTmp/CheckIncludeFile.c
cc1: warning: ‘-Werror=’ argument ‘-Werror=non-virtual-dtor’ is not valid for C
/home/cfreeze/opencv/opencv-3.4.9/build/CMakeFiles/CMakeTmp/CheckIncludeFile.c:1:10: fatal error: linux/videodev.h: No such file or directory
 #include <linux/videodev.h>
          ^~~~~~~~~~~~~~~~~~
compilation terminated.
CMakeFiles/cmTC_8ae0e.dir/build.make:65: recipe for target 'CMakeFiles/cmTC_8ae0e.dir/CheckIncludeFile.c.o' failed
make[1]: *** [CMakeFiles/cmTC_8ae0e.dir/CheckIncludeFile.c.o] Error 1
make[1]: Leaving directory '/home/cfreeze/opencv/opencv-3.4.9/build/CMakeFiles/CMakeTmp'
Makefile:126: recipe for target 'cmTC_8ae0e/fast' failed
make: *** [cmTC_8ae0e/fast] Error 2


Determining if the include file sys/videoio.h exists failed with the following output:
Change Dir: /home/cfreeze/opencv/opencv-3.4.9/build/CMakeFiles/CMakeTmp

Run Build Command:"/usr/bin/make" "cmTC_dce7b/fast"
/usr/bin/make -f CMakeFiles/cmTC_dce7b.dir/build.make CMakeFiles/cmTC_dce7b.dir/build
make[1]: Entering directory '/home/cfreeze/opencv/opencv-3.4.9/build/CMakeFiles/CMakeTmp'
Building C object CMakeFiles/cmTC_dce7b.dir/CheckIncludeFile.c.o
/usr/bin/cc   -fsigned-char -W -Wall -Werror=return-type -Werror=non-virtual-dtor -Werror=address -Werror=sequence-point -Wformat -Werror=format-security -Wmissing-declarations -Wmissing-prototypes -Wstrict-prototypes -Wundef -Winit-self -Wpointer-arith -Wshadow -Wuninitialized -Winit-self -Wno-comment -Wimplicit-fallthrough=3 -Wno-strict-overflow -fdiagnostics-show-option -Wno-long-long -pthread -fomit-frame-pointer -ffunction-sections -fdata-sections  -msse -msse2 -msse3 -fvisibility=hidden  -O3 -DNDEBUG -fPIE   -o CMakeFiles/cmTC_dce7b.dir/CheckIncludeFile.c.o   -c /home/cfreeze/opencv/opencv-3.4.9/build/CMakeFiles/CMakeTmp/CheckIncludeFile.c
cc1: warning: ‘-Werror=’ argument ‘-Werror=non-virtual-dtor’ is not valid for C
/home/cfreeze/opencv/opencv-3.4.9/build/CMakeFiles/CMakeTmp/CheckIncludeFile.c:1:10: fatal error: sys/videoio.h: No such file or directory
 #include <sys/videoio.h>
          ^~~~~~~~~~~~~~~
compilation terminated.
CMakeFiles/cmTC_dce7b.dir/build.make:65: recipe for target 'CMakeFiles/cmTC_dce7b.dir/CheckIncludeFile.c.o' failed
make[1]: *** [CMakeFiles/cmTC_dce7b.dir/CheckIncludeFile.c.o] Error 1
make[1]: Leaving directory '/home/cfreeze/opencv/opencv-3.4.9/build/CMakeFiles/CMakeTmp'
Makefile:126: recipe for target 'cmTC_dce7b/fast' failed
make: *** [cmTC_dce7b/fast] Error 2


